Arguments: 
  /Users/paul/.nvm/versions/node/v14.15.0/bin/node /Users/paul/.nvm/versions/node/v14.15.0/bin/yarn add dayjs/plugin/duratio

PATH: 
  /Users/paul/.nvm/versions/node/v14.15.0/bin:/usr/local/opt/libpq/bin:/Users/paul/.yarn/bin:/Users/paul/.config/yarn/global/node_modules/.bin:/Users/paul/.fastlane/bin:/Users/paul/.cargo/bin:/Users/paul/.cargo/bin:/Library/Frameworks/Python.framework/Versions/3.6/bin:/usr/local/bin:/usr/bin:/bin:/usr/sbin:/sbin:/Library/Apple/usr/bin:/Users/paul/Go/bin:/usr/local/opt/go/libexec/bin

Yarn version: 
  1.22.10

Node version: 
  14.15.0

Platform: 
  darwin x64

Trace: 
  Error: https://registry.yarnpkg.com/@shared%2ftypes: Not found
      at Request.params.callback [as _callback] (/Users/paul/.nvm/versions/node/v14.15.0/lib/node_modules/yarn/lib/cli.js:66988:18)
      at Request.self.callback (/Users/paul/.nvm/versions/node/v14.15.0/lib/node_modules/yarn/lib/cli.js:140662:22)
      at Request.emit (events.js:315:20)
      at Request.<anonymous> (/Users/paul/.nvm/versions/node/v14.15.0/lib/node_modules/yarn/lib/cli.js:141634:10)
      at Request.emit (events.js:315:20)
      at IncomingMessage.<anonymous> (/Users/paul/.nvm/versions/node/v14.15.0/lib/node_modules/yarn/lib/cli.js:141556:12)
      at Object.onceWrapper (events.js:421:28)
      at IncomingMessage.emit (events.js:327:22)
      at endReadableNT (_stream_readable.js:1327:12)
      at processTicksAndRejections (internal/process/task_queues.js:80:21)

npm manifest: 
  {
    "name": "app",
    "version": "0.0.0",
    "description": "> TODO: description",
    "author": "Paul Lucius Valor <paul.valor@icloud.com>",
    "homepage": "",
    "license": "ISC",
    "main": "lib/app.js",
    "directories": {
      "lib": "source",
      "test": "tests"
    },
    "files": [
      "source",
      "lib"
    ],
    "browserslist": "> 0.5%, last 2 versions, not dead",
    "scripts": {
      "test": "echo \"Error: run tests from root\" && exit 1",
      "start": "parcel serve source/index.pug"
    },
    "devDependencies": {
      "@types/react": "^17.0.19",
      "@types/react-dom": "^17.0.9",
      "@types/react-router-dom": "^5.1.8",
      "pug": "^3.0.2"
    },
    "dependencies": {
      "@chakra-ui/icons": "^1.0.15",
      "@chakra-ui/react": "^1.6.7",
      "@emotion/react": "^11",
      "@emotion/styled": "^11",
      "@reduxjs/toolkit": "^1.6.1",
      "@shared/types": "^0.0.1",
      "axios": "^0.21.1",
      "components": "^0.1.0",
      "dayjs": "^1.10.7",
      "editorjs-blocks-react-renderer": "^1.1.1",
      "framer-motion": "^4",
      "normalize.css": "^8.0.1",
      "react": "^17.0.2",
      "react-dom": "^17.0.2",
      "react-redux": "^7.2.4",
      "react-router-dom": "^5.2.1",
      "redux": "^4.1.1",
      "redux-persist": "^6.0.0",
      "reselect": "^4.0.0",
      "routes": "^2.1.0",
      "services": "^0.0.3",
      "store": "^2.0.12",
      "types": "^0.0.1"
    }
  }

yarn manifest: 
  No manifest

Lockfile: 
  # THIS IS AN AUTOGENERATED FILE. DO NOT EDIT THIS FILE DIRECTLY.
  # yarn lockfile v1
  
  
  "@babel/code-frame@^7.0.0":
    version "7.14.5"
    resolved "https://registry.yarnpkg.com/@babel/code-frame/-/code-frame-7.14.5.tgz#23b08d740e83f49c5e59945fbf1b43e80bbf4edb"
    integrity sha512-9pzDqyc6OLDaqe+zbACgFkb6fKMNG6CObKpnYXChRsvYGyEdc7CA2BaqeOM+vOtCS5ndmJicPJhKAwYRI6UfFw==
    dependencies:
      "@babel/highlight" "^7.14.5"
  
  "@babel/helper-module-imports@^7.12.13":
    version "7.14.5"
    resolved "https://registry.yarnpkg.com/@babel/helper-module-imports/-/helper-module-imports-7.14.5.tgz#6d1a44df6a38c957aa7c312da076429f11b422f3"
    integrity sha512-SwrNHu5QWS84XlHwGYPDtCxcA0hrSlL2yhWYLgeOc0w7ccOl2qv4s/nARI0aYZW+bSwAL5CukeXA47B/1NKcnQ==
    dependencies:
      "@babel/types" "^7.14.5"
  
  "@babel/helper-plugin-utils@^7.14.5":
    version "7.14.5"
    resolved "https://registry.yarnpkg.com/@babel/helper-plugin-utils/-/helper-plugin-utils-7.14.5.tgz#5ac822ce97eec46741ab70a517971e443a70c5a9"
    integrity sha512-/37qQCE3K0vvZKwoK4XU/irIJQdIfCJuhU5eKnNxpFDsOkgFaUAwbv+RYw6eYgsC0E4hS7r5KqGULUogqui0fQ==
  
  "@babel/helper-validator-identifier@^7.14.5", "@babel/helper-validator-identifier@^7.14.9":
    version "7.14.9"
    resolved "https://registry.yarnpkg.com/@babel/helper-validator-identifier/-/helper-validator-identifier-7.14.9.tgz#6654d171b2024f6d8ee151bf2509699919131d48"
    integrity sha512-pQYxPY0UP6IHISRitNe8bsijHex4TWZXi2HwKVsjPiltzlhse2znVcm9Ace510VT1kxIHjGJCZZQBX2gJDbo0g==
  
  "@babel/highlight@^7.14.5":
    version "7.14.5"
    resolved "https://registry.yarnpkg.com/@babel/highlight/-/highlight-7.14.5.tgz#6861a52f03966405001f6aa534a01a24d99e8cd9"
    integrity sha512-qf9u2WFWVV0MppaL877j2dBtQIDgmidgjGk5VIMw3OadXvYaXn66U1BFlH2t4+t3i+8PhedppRv+i40ABzd+gg==
    dependencies:
      "@babel/helper-validator-identifier" "^7.14.5"
      chalk "^2.0.0"
      js-tokens "^4.0.0"
  
  "@babel/parser@^7.6.0", "@babel/parser@^7.9.6":
    version "7.15.3"
    resolved "https://registry.yarnpkg.com/@babel/parser/-/parser-7.15.3.tgz#3416d9bea748052cfcb63dbcc27368105b1ed862"
    integrity sha512-O0L6v/HvqbdJawj0iBEfVQMc3/6WP+AeOsovsIgBFyJaG+W2w7eqvZB7puddATmWuARlm1SX7DwxJ/JJUnDpEA==
  
  "@babel/plugin-syntax-jsx@^7.12.13":
    version "7.14.5"
    resolved "https://registry.yarnpkg.com/@babel/plugin-syntax-jsx/-/plugin-syntax-jsx-7.14.5.tgz#000e2e25d8673cce49300517a3eda44c263e4201"
    integrity sha512-ohuFIsOMXJnbOMRfX7/w7LocdR6R7whhuRD4ax8IipLcLPlZGJKkBxgHp++U4N/vKyU16/YDQr2f5seajD3jIw==
    dependencies:
      "@babel/helper-plugin-utils" "^7.14.5"
  
  "@babel/runtime@^7.0.0", "@babel/runtime@^7.1.2", "@babel/runtime@^7.12.1", "@babel/runtime@^7.12.13", "@babel/runtime@^7.13.10", "@babel/runtime@^7.7.2", "@babel/runtime@^7.9.2":
    version "7.15.3"
    resolved "https://registry.yarnpkg.com/@babel/runtime/-/runtime-7.15.3.tgz#2e1c2880ca118e5b2f9988322bd8a7656a32502b"
    integrity sha512-OvwMLqNXkCXSz1kSm58sEsNuhqOx/fKpnUnKnFB5v8uDda5bLNEHNgKPvhDN6IU0LDcnHQ90LlJ0Q6jnyBSIBA==
    dependencies:
      regenerator-runtime "^0.13.4"
  
  "@babel/types@^7.14.5", "@babel/types@^7.6.1", "@babel/types@^7.9.6":
    version "7.15.0"
    resolved "https://registry.yarnpkg.com/@babel/types/-/types-7.15.0.tgz#61af11f2286c4e9c69ca8deb5f4375a73c72dcbd"
    integrity sha512-OBvfqnllOIdX4ojTHpwZbpvz4j3EWyjkZEdmjH0/cgsd6QOdSgU8rLSk6ard/pcW7rlmjdVSX/AWOaORR1uNOQ==
    dependencies:
      "@babel/helper-validator-identifier" "^7.14.9"
      to-fast-properties "^2.0.0"
  
  "@chakra-ui/accordion@1.3.6":
    version "1.3.6"
    resolved "https://registry.yarnpkg.com/@chakra-ui/accordion/-/accordion-1.3.6.tgz#9ebbcec4d1871ab79bdac84187246ce1d34c8d8a"
    integrity sha512-zZCk11FIbUgpFwwOzyhoLM9UkBhX8hIVHI/L0CSEzdVfQTra2gMf+Lw0YQVayHlO/7J6djTSzbA7nZQl50dIag==
    dependencies:
      "@chakra-ui/descendant" "2.0.1"
      "@chakra-ui/hooks" "1.6.0"
      "@chakra-ui/icon" "1.1.11"
      "@chakra-ui/react-utils" "1.1.2"
      "@chakra-ui/transition" "1.3.4"
      "@chakra-ui/utils" "1.8.2"
  
  "@chakra-ui/alert@1.2.7":
    version "1.2.7"
    resolved "https://registry.yarnpkg.com/@chakra-ui/alert/-/alert-1.2.7.tgz#bba7489f6a2cf672218a4cffc62cb67e1abf64de"
    integrity sha512-+3rjMDjCsR7fWUA9Ikg21s9mVOxU564fA1fX3PdkFlUQFjwroG4hPQCjtUVCOBWontVphKghsQOprpuuQhx2hQ==
    dependencies:
      "@chakra-ui/icon" "1.1.11"
      "@chakra-ui/react-utils" "1.1.2"
      "@chakra-ui/utils" "1.8.2"
  
  "@chakra-ui/anatomy@1.0.0":
    version "1.0.0"
    resolved "https://registry.yarnpkg.com/@chakra-ui/anatomy/-/anatomy-1.0.0.tgz#60598d28683bcd1effc43b7d7eb61090ea060ab7"
    integrity sha512-UkGnjsBRbSjLWdE2Oio32/mrOTpH5N43jFsXkEG0Izups8Qjsm0jhRmkaO6F0bewh772hIu9QHxk/N45LFYQcg==
    dependencies:
      "@chakra-ui/theme-tools" "^1.1.9"
  
  "@chakra-ui/avatar@1.2.9":
    version "1.2.9"
    resolved "https://registry.yarnpkg.com/@chakra-ui/avatar/-/avatar-1.2.9.tgz#22388e43b106e97f42c681a25b9feb7b94cdc258"
    integrity sha512-zh4xC331WT86tPxDgJsIJ+tAx76pX1chBgXC+9rD7YStYqRhkjrD03o12r8eNYuoeeuTH3bWKYuqr545rS6xcQ==
    dependencies:
      "@chakra-ui/image" "1.0.19"
      "@chakra-ui/react-utils" "1.1.2"
      "@chakra-ui/utils" "1.8.2"
  
  "@chakra-ui/breadcrumb@1.2.8":
    version "1.2.8"
    resolved "https://registry.yarnpkg.com/@chakra-ui/breadcrumb/-/breadcrumb-1.2.8.tgz#95b7a61327da79e9984236b766481720e2699f21"
    integrity sha512-hMr7GtQ9XaMDjjlJC/pOJCp1vG7Cq4E3o70uyHXuUZkwsTnEzr0hgqOmRGII+pLMVSzxO6ii1OEjvq+rZvKdVw==
    dependencies:
      "@chakra-ui/react-utils" "1.1.2"
      "@chakra-ui/utils" "1.8.2"
  
  "@chakra-ui/button@1.4.2":
    version "1.4.2"
    resolved "https://registry.yarnpkg.com/@chakra-ui/button/-/button-1.4.2.tgz#d4a2dc173aca0c4093c2a9089d4c647dec55e53a"
    integrity sha512-Gw3W6ixkrTWaHVJRDOyvx1ZAdV/g2SjiGeHFBnfuBcZdZWqJLNy9vrS1rroBeYA953ISklyhEdtyLD9izwkzxA==
    dependencies:
      "@chakra-ui/react-utils" "1.1.2"
      "@chakra-ui/spinner" "1.1.12"
      "@chakra-ui/utils" "1.8.2"
  
  "@chakra-ui/checkbox@1.5.6":
    version "1.5.6"
    resolved "https://registry.yarnpkg.com/@chakra-ui/checkbox/-/checkbox-1.5.6.tgz#6e4fd3b3e83458f3b8904f4985cdfe4979257a6e"
    integrity sha512-9hhBOLLPI4RxoNtlSxxuiBR8PeQyUCils1gtc7u5eYuSITtvvns0OjLjughDairSr12BN/gb1WKoZAly+hp/eg==
    dependencies:
      "@chakra-ui/hooks" "1.6.0"
      "@chakra-ui/react-utils" "1.1.2"
      "@chakra-ui/utils" "1.8.2"
      "@chakra-ui/visually-hidden" "1.0.14"
  
  "@chakra-ui/clickable@1.1.7":
    version "1.1.7"
    resolved "https://registry.yarnpkg.com/@chakra-ui/clickable/-/clickable-1.1.7.tgz#ff7d87e5f2a208a596ebbd9cd23bbf6d116bb363"
    integrity sha512-aRopd+wRhykwlkRPuBn6XiLxo7jYq2BtToD7dh8wLvhDOAgtFXgYcNfAl4RkNWIUU9ZFioS6HusRE+5LmQ8EPQ==
    dependencies:
      "@chakra-ui/react-utils" "1.1.2"
      "@chakra-ui/utils" "1.8.2"
  
  "@chakra-ui/close-button@1.1.11":
    version "1.1.11"
    resolved "https://registry.yarnpkg.com/@chakra-ui/close-button/-/close-button-1.1.11.tgz#f8b5ed5969c98f23537a4d40420eb21306cf293f"
    integrity sha512-3BFVGPKeOdD/q/YgtSDdQ7RJh1fQhX7VRvkj11KPfPlvXIEQDxLwvQQV5MeNdrnTEYXkqzc8jqMexZOWlfSXRg==
    dependencies:
      "@chakra-ui/icon" "1.1.11"
      "@chakra-ui/utils" "1.8.2"
  
  "@chakra-ui/color-mode@1.1.12":
    version "1.1.12"
    resolved "https://registry.yarnpkg.com/@chakra-ui/color-mode/-/color-mode-1.1.12.tgz#c5575ccc3e3439f5204f12e69de8578b2f1d1dc8"
    integrity sha512-w9xtfNaCirGtAzJqi6isXDIf+QvS1sfeT1okQxFlJZcG7TSM34B0BLJd3oJalZ2MFrNXkpQQhF2+JNKshrOQwQ==
    dependencies:
      "@chakra-ui/hooks" "1.6.0"
      "@chakra-ui/utils" "1.8.2"
  
  "@chakra-ui/control-box@1.0.15":
    version "1.0.15"
    resolved "https://registry.yarnpkg.com/@chakra-ui/control-box/-/control-box-1.0.15.tgz#cdc1102eb802c46b169a9905b8030349dcd3351d"
    integrity sha512-sqQXKa9MjVo1mN/XRfudoM53yKhoXm6ozbE/soTgvLQJtSZtEltXVg9O8LP/h/i/AlfUKs5Nw8qSjij/7pfb2w==
    dependencies:
      "@chakra-ui/utils" "1.8.2"
  
  "@chakra-ui/counter@1.1.9":
    version "1.1.9"
    resolved "https://registry.yarnpkg.com/@chakra-ui/counter/-/counter-1.1.9.tgz#954794624806ea6a00f0ebdd3d50c6838d0b41fc"
    integrity sha512-WHkYSHJynkFwVFD6wg6afDteBeAmDHV35/tPMwpyTcgagpF99xY/8mULnBoLkkCc/PMe+meHuZJEXuCaxy4ecg==
    dependencies:
      "@chakra-ui/hooks" "1.6.0"
      "@chakra-ui/utils" "1.8.2"
  
  "@chakra-ui/css-reset@1.0.0":
    version "1.0.0"
    resolved "https://registry.yarnpkg.com/@chakra-ui/css-reset/-/css-reset-1.0.0.tgz#8395921b35ef27bee0579a4d730c5ab7f7b39734"
    integrity sha512-UaPsImGHvCgFO3ayp6Ugafu2/3/EG8wlW/8Y9Ihfk1UFv8cpV+3BfWKmuZ7IcmxcBL9dkP6E8p3/M1T0FB92hg==
  
  "@chakra-ui/descendant@2.0.1":
    version "2.0.1"
    resolved "https://registry.yarnpkg.com/@chakra-ui/descendant/-/descendant-2.0.1.tgz#fc3bc9081aa01503035b2c9296bc4b9f87ceaae0"
    integrity sha512-TeYp94iOhu5Gs2oVzewJaep0qft/JKMKfmcf4PGgzJF+h6TWZm6NGohk6Jq7JOh+y0rExa1ulknIgnMzFx5xaA==
    dependencies:
      "@chakra-ui/react-utils" "^1.1.2"
  
  "@chakra-ui/editable@1.2.9":
    version "1.2.9"
    resolved "https://registry.yarnpkg.com/@chakra-ui/editable/-/editable-1.2.9.tgz#7ea7169f369f6e183d34275cf6d0fcd0571cae33"
    integrity sha512-Z8fn8VTEktsMq245Nzxl8Ozi86XfAHuXTHh3pHsoPaabBU6v/LFupu5ALASyjm1AHCdP8tUS90QTdkvz/EwEyg==
    dependencies:
      "@chakra-ui/hooks" "1.6.0"
      "@chakra-ui/react-utils" "1.1.2"
      "@chakra-ui/utils" "1.8.2"
  
  "@chakra-ui/focus-lock@1.1.10":
    version "1.1.10"
    resolved "https://registry.yarnpkg.com/@chakra-ui/focus-lock/-/focus-lock-1.1.10.tgz#45418b46f8986aa597d2aed572d86a8c8327f871"
    integrity sha512-LJqA+RscxqDBocJ1hjFde47g9E/8H2KqlHYcmOrQd5nITMcR88F2Z11cnFNMWJu++PJNHxspaXbUSKqPNj2TPQ==
    dependencies:
      "@chakra-ui/utils" "1.8.2"
      react-focus-lock "2.5.0"
  
  "@chakra-ui/form-control@1.4.1":
    version "1.4.1"
    resolved "https://registry.yarnpkg.com/@chakra-ui/form-control/-/form-control-1.4.1.tgz#a69d319ec42d4c5ccb0449513bad72457108dc59"
    integrity sha512-aQUhQiieXdzwr21UvbpNzSUZj420fNq7+nZ7fl/gzsNudWCuw4wVpP/nuGQrGKF7CLxKi8d/ZuDkXMNeabCgpw==
    dependencies:
      "@chakra-ui/hooks" "1.6.0"
      "@chakra-ui/icon" "1.1.11"
      "@chakra-ui/react-utils" "1.1.2"
      "@chakra-ui/utils" "1.8.2"
  
  "@chakra-ui/hooks@1.6.0":
    version "1.6.0"
    resolved "https://registry.yarnpkg.com/@chakra-ui/hooks/-/hooks-1.6.0.tgz#94f54540298b6a5a7ef68b15e451e76b0ee1fed4"
    integrity sha512-5QFICaE1omNCJyVQQX62sZvRvIpI4VansN2AvZpSdrMjRiWvmBNLZN2Khr7+8j6F7uDh5LSgTxiP02vWLp12hA==
    dependencies:
      "@chakra-ui/react-utils" "1.1.2"
      "@chakra-ui/utils" "1.8.2"
      compute-scroll-into-view "1.0.14"
      copy-to-clipboard "3.3.1"
  
  "@chakra-ui/icon@1.1.11":
    version "1.1.11"
    resolved "https://registry.yarnpkg.com/@chakra-ui/icon/-/icon-1.1.11.tgz#ab57002ca20b7726aa31da6e370692159280cadb"
    integrity sha512-w+TkBr8eA8023j1SdhBzCFrEeU4lolf96cYVz0t/FVUBdIHYPGt56iHdaE2HYXW8Jyp15WLZcJJZQnZo91GRww==
    dependencies:
      "@chakra-ui/utils" "1.8.2"
  
  "@chakra-ui/icons@^1.0.15":
    version "1.0.15"
    resolved "https://registry.yarnpkg.com/@chakra-ui/icons/-/icons-1.0.15.tgz#90b0e3c2c161c5a100d6b83a277941b22945f880"
    integrity sha512-MMuPwmeCil9vAXceIN/Fxn6CNHbhkLofFQaKUfs+UaBsviiU2tvS0nqGaxm/9FNzLr5ithPVWpbz3uV7DXc77g==
    dependencies:
      "@chakra-ui/icon" "1.1.11"
      "@types/react" "^17.0.0"
  
  "@chakra-ui/image@1.0.19":
    version "1.0.19"
    resolved "https://registry.yarnpkg.com/@chakra-ui/image/-/image-1.0.19.tgz#c0055f8a04a62e68ae62bc5ee1b906c30b717aa5"
    integrity sha512-nsGPyLAARveyfi6vSZeRUGxuVuon7np1IKhZ4BC8j4La35GfRw7/UvszvmbuBQdjPjw5EIzEWzCLe/SGtjIdAQ==
    dependencies:
      "@chakra-ui/hooks" "1.6.0"
      "@chakra-ui/utils" "1.8.2"
  
  "@chakra-ui/input@1.2.10":
    version "1.2.10"
    resolved "https://registry.yarnpkg.com/@chakra-ui/input/-/input-1.2.10.tgz#d710c294d24285345b1b9fc214c36ed8b08d0e6f"
    integrity sha512-xIAe/8vzFVlnwktJprhKTBOG1R+0NQaJSBn0s97CAj6kFZNVrdQkofCbs4y7KADjkxLblswF+NiTIXuAO9uGvg==
    dependencies:
      "@chakra-ui/form-control" "1.4.1"
      "@chakra-ui/react-utils" "1.1.2"
      "@chakra-ui/utils" "1.8.2"
  
  "@chakra-ui/layout@1.4.9":
    version "1.4.9"
    resolved "https://registry.yarnpkg.com/@chakra-ui/layout/-/layout-1.4.9.tgz#8fa55555d7901d4c76d0b438a4feb9c8ac14ed81"
    integrity sha512-QfpPnz3/cB9CAk262fl26bdNH3NjsB8t5yl9sAslDQBC3Uxdft8+yKB1faZCWoa59AXm2UfHbAwKobNTECEFtw==
    dependencies:
      "@chakra-ui/icon" "1.1.11"
      "@chakra-ui/react-utils" "1.1.2"
      "@chakra-ui/utils" "1.8.2"
  
  "@chakra-ui/live-region@1.0.14":
    version "1.0.14"
    resolved "https://registry.yarnpkg.com/@chakra-ui/live-region/-/live-region-1.0.14.tgz#5264bdfc15d03566f72003046fab285e6c43aab8"
    integrity sha512-683UXH5WpPsn6KFuqo6qyllk3lAInP8cGS43CNnd9FX+5WTlplMBUwg0Gl5HLU9zRCAUeerfGLDY7ZJt2TPBVQ==
    dependencies:
      "@chakra-ui/utils" "1.8.2"
  
  "@chakra-ui/media-query@1.1.2":
    version "1.1.2"
    resolved "https://registry.yarnpkg.com/@chakra-ui/media-query/-/media-query-1.1.2.tgz#fbba8da0cff397061aee61fad491480ae4387375"
    integrity sha512-KdH5C/YwJJx7A4BMePC4J7IlDUEe2F7lLqWk/CvvwD+m2w4+/Ju6scU5YGUsskHQulllNGOmyON6fHQ7bVL47g==
    dependencies:
      "@chakra-ui/react-env" "1.0.6"
      "@chakra-ui/utils" "1.8.2"
  
  "@chakra-ui/menu@1.7.3":
    version "1.7.3"
    resolved "https://registry.yarnpkg.com/@chakra-ui/menu/-/menu-1.7.3.tgz#f79fb350eb6be326606b5dbfec4ab6d35e0f5ade"
    integrity sha512-1eJwWXBeDMxTDWJKGI8YWMjkENVPwSuN6uYwCtSa2e6pEPG9fIpmMpK0ZZTljqx3OjKPHVlB3SS1uRO8VQqHMQ==
    dependencies:
      "@chakra-ui/clickable" "1.1.7"
      "@chakra-ui/descendant" "2.0.1"
      "@chakra-ui/hooks" "1.6.0"
      "@chakra-ui/popper" "2.2.1"
      "@chakra-ui/react-utils" "1.1.2"
      "@chakra-ui/transition" "1.3.4"
      "@chakra-ui/utils" "1.8.2"
  
  "@chakra-ui/modal@1.8.11":
    version "1.8.11"
    resolved "https://registry.yarnpkg.com/@chakra-ui/modal/-/modal-1.8.11.tgz#9cbc00ae6a42eedf166ad35b22114d19a564f918"
    integrity sha512-iWVfEp5N572wapvE4YHXoapjOPfLu32dcHVCjEnsyMMcBB0aXAorfN2Cc9gtHbmQdUCvAOXYlQs9WauiLRs7tQ==
    dependencies:
      "@chakra-ui/close-button" "1.1.11"
      "@chakra-ui/focus-lock" "1.1.10"
      "@chakra-ui/hooks" "1.6.0"
      "@chakra-ui/portal" "1.2.9"
      "@chakra-ui/react-utils" "1.1.2"
      "@chakra-ui/transition" "1.3.4"
      "@chakra-ui/utils" "1.8.2"
      aria-hidden "^1.1.1"
      react-remove-scroll "2.4.1"
  
  "@chakra-ui/number-input@1.2.10":
    version "1.2.10"
    resolved "https://registry.yarnpkg.com/@chakra-ui/number-input/-/number-input-1.2.10.tgz#c5f723258793bf59274e49ce3295f03d2e532d5c"
    integrity sha512-qsiC/pLuDOmsmlWUUDveZ9YsQd+DOcAcXMeMa6NYb+MJRGyCDOsI/542hxJkIb1N8ei96IpfIJTZS0KUW+ME+g==
    dependencies:
      "@chakra-ui/counter" "1.1.9"
      "@chakra-ui/form-control" "1.4.1"
      "@chakra-ui/hooks" "1.6.0"
      "@chakra-ui/icon" "1.1.11"
      "@chakra-ui/react-utils" "1.1.2"
      "@chakra-ui/utils" "1.8.2"
  
  "@chakra-ui/pin-input@1.6.5":
    version "1.6.5"
    resolved "https://registry.yarnpkg.com/@chakra-ui/pin-input/-/pin-input-1.6.5.tgz#3121ab53e21e62aadf6f610a53cc788e76fec255"
    integrity sha512-9UMEjpnMaTKlmc9dBO/NjOWWdVLo+Rw5+LB77DKuV5N8L1ab2AMKwpb9Zw3EMcO2En44EzBzZKaVmxLPVRiGsg==
    dependencies:
      "@chakra-ui/descendant" "2.0.1"
      "@chakra-ui/hooks" "1.6.0"
      "@chakra-ui/react-utils" "1.1.2"
      "@chakra-ui/utils" "1.8.2"
  
  "@chakra-ui/popover@1.8.3":
    version "1.8.3"
    resolved "https://registry.yarnpkg.com/@chakra-ui/popover/-/popover-1.8.3.tgz#856f1c065c5fe0c8f7a9fe72d32b72e60d0f1d7b"
    integrity sha512-Z0anhPTC4z0PVYpjgWzqGV8Q7YP6F1N6d7jNwolJXPVdWM4bLSB6GyGguAZPEJwJ23kHDs7GQo9Tm7W8Z9DfNQ==
    dependencies:
      "@chakra-ui/close-button" "1.1.11"
      "@chakra-ui/hooks" "1.6.0"
      "@chakra-ui/popper" "2.2.1"
      "@chakra-ui/react-utils" "1.1.2"
      "@chakra-ui/utils" "1.8.2"
  
  "@chakra-ui/popper@2.2.1":
    version "2.2.1"
    resolved "https://registry.yarnpkg.com/@chakra-ui/popper/-/popper-2.2.1.tgz#51d49933ee837b396d78d9daaab1d9809afea982"
    integrity sha512-W0hMTBp2X62UooF3qPNmsEW0IJfz72gr2DN8nsCvHQrMiARB9s2jECEss6qEsB97tnmIG8k2TNee8IzTGLmMyA==
    dependencies:
      "@chakra-ui/react-utils" "1.1.2"
      "@popperjs/core" "2.4.4"
  
  "@chakra-ui/portal@1.2.9":
    version "1.2.9"
    resolved "https://registry.yarnpkg.com/@chakra-ui/portal/-/portal-1.2.9.tgz#966b4f3c2c5e7e862594b36d66d844047cba053b"
    integrity sha512-Rp0/1uNsjx5KaGQZ8r5ZIdjuUXqXjn9gWUCacZDlYO5DqJ4YcsYJ4UA7KjLubwokDsS2ddyrTbdZYFyspnWk+Q==
    dependencies:
      "@chakra-ui/hooks" "1.6.0"
      "@chakra-ui/react-utils" "1.1.2"
      "@chakra-ui/utils" "1.8.2"
  
  "@chakra-ui/progress@1.1.13":
    version "1.1.13"
    resolved "https://registry.yarnpkg.com/@chakra-ui/progress/-/progress-1.1.13.tgz#95e4b53052cd7d67a786f9c97bc870aee54815ea"
    integrity sha512-23RLvhe4H1V3pTHPFxR1QsZnOLEatfdpMk80MsJ9yTmvjdY6yoflfiFA1cYFmXz302sPixpwticlSG0Zrpw1+Q==
    dependencies:
      "@chakra-ui/theme-tools" "1.2.0"
      "@chakra-ui/utils" "1.8.2"
  
  "@chakra-ui/provider@1.6.7":
    version "1.6.7"
    resolved "https://registry.yarnpkg.com/@chakra-ui/provider/-/provider-1.6.7.tgz#df6e6aea05dd63649d5097546745156c8f7a3ef5"
    integrity sha512-3cuZXx+AK61GVGcp5cYxwOQo6vXEGNHXHqoCcVqslT+r38rnUBp3qyNQ0NXe+QSiGNZShDBGo94d4G4/u8vgVA==
    dependencies:
      "@chakra-ui/css-reset" "1.0.0"
      "@chakra-ui/hooks" "1.6.0"
      "@chakra-ui/system" "1.7.3"
      "@chakra-ui/utils" "1.8.2"
  
  "@chakra-ui/radio@1.3.10":
    version "1.3.10"
    resolved "https://registry.yarnpkg.com/@chakra-ui/radio/-/radio-1.3.10.tgz#c8f0d31aeadb8b333252d0cd7fa8e89cd5f929e4"
    integrity sha512-Gdp038uBSTWdDABg2qoT/vOoLWtnQsKdCzXnkPCzWHarRuQY/Uyffxt8T/bdBnsQhrPMnr68Gv4g0XEK6RjQew==
    dependencies:
      "@chakra-ui/form-control" "1.4.1"
      "@chakra-ui/hooks" "1.6.0"
      "@chakra-ui/react-utils" "1.1.2"
      "@chakra-ui/utils" "1.8.2"
      "@chakra-ui/visually-hidden" "1.0.14"
  
  "@chakra-ui/react-env@1.0.6":
    version "1.0.6"
    resolved "https://registry.yarnpkg.com/@chakra-ui/react-env/-/react-env-1.0.6.tgz#931fb0dbbfe4b2aed04d08b0bb191820f61a7f3b"
    integrity sha512-JE0MXrVv9exBaQP0oLescs1ZhFolet3ACoV41ow881aXptN02VJKOht04/9SqEAnaxn8ePdofG9BRB6dKDm0ow==
    dependencies:
      "@chakra-ui/utils" "1.8.2"
  
  "@chakra-ui/react-utils@1.1.2", "@chakra-ui/react-utils@^1.1.2":
    version "1.1.2"
    resolved "https://registry.yarnpkg.com/@chakra-ui/react-utils/-/react-utils-1.1.2.tgz#7ea80b6ae25bd7b182095cc9ffaad23c464408b5"
    integrity sha512-S8jPVKGZH2qF7ZGxl/0DF/dXXI2AxDNGf4Ahi2LGHqajMvqBB7vtYIRRmIA7+jAnErhzO8WUi3i4Z7oScp6xSA==
    dependencies:
      "@chakra-ui/utils" "^1.7.0"
  
  "@chakra-ui/react@^1.6.7":
    version "1.6.7"
    resolved "https://registry.yarnpkg.com/@chakra-ui/react/-/react-1.6.7.tgz#1d5fa2a02aa1a2c1516966e5bfc12d528452f723"
    integrity sha512-5klvvvoPN1j3t1842Sg7qYzQu/ENXHMeccL3r34Y4xJG3SrM5ebyjyGmqGN7WqRoXzPhG25UInA9LJDEvzjbLA==
    dependencies:
      "@chakra-ui/accordion" "1.3.6"
      "@chakra-ui/alert" "1.2.7"
      "@chakra-ui/avatar" "1.2.9"
      "@chakra-ui/breadcrumb" "1.2.8"
      "@chakra-ui/button" "1.4.2"
      "@chakra-ui/checkbox" "1.5.6"
      "@chakra-ui/close-button" "1.1.11"
      "@chakra-ui/control-box" "1.0.15"
      "@chakra-ui/counter" "1.1.9"
      "@chakra-ui/css-reset" "1.0.0"
      "@chakra-ui/editable" "1.2.9"
      "@chakra-ui/form-control" "1.4.1"
      "@chakra-ui/hooks" "1.6.0"
      "@chakra-ui/icon" "1.1.11"
      "@chakra-ui/image" "1.0.19"
      "@chakra-ui/input" "1.2.10"
      "@chakra-ui/layout" "1.4.9"
      "@chakra-ui/live-region" "1.0.14"
      "@chakra-ui/media-query" "1.1.2"
      "@chakra-ui/menu" "1.7.3"
      "@chakra-ui/modal" "1.8.11"
      "@chakra-ui/number-input" "1.2.10"
      "@chakra-ui/pin-input" "1.6.5"
      "@chakra-ui/popover" "1.8.3"
      "@chakra-ui/popper" "2.2.1"
      "@chakra-ui/portal" "1.2.9"
      "@chakra-ui/progress" "1.1.13"
      "@chakra-ui/provider" "1.6.7"
      "@chakra-ui/radio" "1.3.10"
      "@chakra-ui/react-env" "1.0.6"
      "@chakra-ui/select" "1.1.14"
      "@chakra-ui/skeleton" "1.1.18"
      "@chakra-ui/slider" "1.2.9"
      "@chakra-ui/spinner" "1.1.12"
      "@chakra-ui/stat" "1.1.12"
      "@chakra-ui/switch" "1.2.9"
      "@chakra-ui/system" "1.7.3"
      "@chakra-ui/table" "1.2.6"
      "@chakra-ui/tabs" "1.5.5"
      "@chakra-ui/tag" "1.1.12"
      "@chakra-ui/textarea" "1.1.14"
      "@chakra-ui/theme" "1.10.1"
      "@chakra-ui/toast" "1.2.11"
      "@chakra-ui/tooltip" "1.3.10"
      "@chakra-ui/transition" "1.3.4"
      "@chakra-ui/utils" "1.8.2"
      "@chakra-ui/visually-hidden" "1.0.14"
  
  "@chakra-ui/select@1.1.14":
    version "1.1.14"
    resolved "https://registry.yarnpkg.com/@chakra-ui/select/-/select-1.1.14.tgz#e331ec0b99df4bc2ee278dcb416eb97feabe6a1d"
    integrity sha512-yqWY6U3uFrH8fUVZFMxzoaN4AvN4Fwz94BzkauXTfFlcZn93N4GEwEvsbHbxnNDI6TfrXWrKlvfXMpgGz3y9Kw==
    dependencies:
      "@chakra-ui/form-control" "1.4.1"
      "@chakra-ui/utils" "1.8.2"
  
  "@chakra-ui/skeleton@1.1.18":
    version "1.1.18"
    resolved "https://registry.yarnpkg.com/@chakra-ui/skeleton/-/skeleton-1.1.18.tgz#872df12d51487dca18faa8a7a4eaeedd791b9423"
    integrity sha512-0jxiFNJtwPbt+zhJVE8Bjyf1HJBvYSms69TzCJMw51IEADmMrB0S5Zv0BLKhdlXjx3VywIRW7r5YT+bDHPC/cQ==
    dependencies:
      "@chakra-ui/hooks" "1.6.0"
      "@chakra-ui/media-query" "1.1.2"
      "@chakra-ui/system" "1.7.3"
      "@chakra-ui/utils" "1.8.2"
  
  "@chakra-ui/slider@1.2.9":
    version "1.2.9"
    resolved "https://registry.yarnpkg.com/@chakra-ui/slider/-/slider-1.2.9.tgz#99a4682905e84cad077467cc291bff1d4ba15c7c"
    integrity sha512-lZKKzFvaG686cntJayKGPRGqYmicpf7nwBrhrAdhlPkgiXXfA/ci4Xvg09DCoAClwr0bxr7ysa5weTFdZu2EJg==
    dependencies:
      "@chakra-ui/hooks" "1.6.0"
      "@chakra-ui/react-utils" "1.1.2"
      "@chakra-ui/utils" "1.8.2"
  
  "@chakra-ui/spinner@1.1.12":
    version "1.1.12"
    resolved "https://registry.yarnpkg.com/@chakra-ui/spinner/-/spinner-1.1.12.tgz#1833cb46f48e6d002c2820724e3a1a580e6ebc92"
    integrity sha512-cwchUCrZ2FEPSQilbCnJSFXmyDJC/9u29oitSNRVPF0DDvHUPZX1yG/DXZ0ZsWqodBw16/FZuRe2VRKOCGm0Iw==
    dependencies:
      "@chakra-ui/utils" "1.8.2"
      "@chakra-ui/visually-hidden" "1.0.14"
  
  "@chakra-ui/stat@1.1.12":
    version "1.1.12"
    resolved "https://registry.yarnpkg.com/@chakra-ui/stat/-/stat-1.1.12.tgz#0471d230a62e63bd522d67a346b3b11e8c4bd16b"
    integrity sha512-vhoW4zFF1BSlMpEZ179hCXLBT+TLtoW1JESObcOv/lAbFko5YBJAkPs4cws5eKdZsSqVUORtwKcJN+BjWUrkJw==
    dependencies:
      "@chakra-ui/icon" "1.1.11"
      "@chakra-ui/utils" "1.8.2"
      "@chakra-ui/visually-hidden" "1.0.14"
  
  "@chakra-ui/styled-system@1.12.2":
    version "1.12.2"
    resolved "https://registry.yarnpkg.com/@chakra-ui/styled-system/-/styled-system-1.12.2.tgz#918cedf92e12e3b3c053a4d6a8eeab9315d0980c"
    integrity sha512-wJvEgy93DLe0Tz2F9YFRTDnAz8YMC8O2Y0reI6WIDix0QL7dLWxrTA2reqMLaEmKnr965a/LDfyY21tWOB+6TQ==
    dependencies:
      "@chakra-ui/utils" "1.8.2"
      csstype "^3.0.6"
  
  "@chakra-ui/switch@1.2.9":
    version "1.2.9"
    resolved "https://registry.yarnpkg.com/@chakra-ui/switch/-/switch-1.2.9.tgz#e54e27418dbc3f8545943a21d94fe619b4de649d"
    integrity sha512-70hU66O2bAbegWdtwdMV5jTIp9226B6z0tpze33sC+5KFzj/O9ScyV7GUGItq7KdERnw6Zs9wU5kqKuDMeFENw==
    dependencies:
      "@chakra-ui/checkbox" "1.5.6"
      "@chakra-ui/utils" "1.8.2"
  
  "@chakra-ui/system@1.7.3":
    version "1.7.3"
    resolved "https://registry.yarnpkg.com/@chakra-ui/system/-/system-1.7.3.tgz#344031d27555e8a436a8aeb266242e3c4eb51b24"
    integrity sha512-061lcraf4tNB4ixpnuWetZjr3fAEmj4zHfMznmMx6MAF6lHLJR9tsCF+Cuyj6m9JPwstbBPhyb5arNRXhZGvYQ==
    dependencies:
      "@chakra-ui/color-mode" "1.1.12"
      "@chakra-ui/react-utils" "1.1.2"
      "@chakra-ui/styled-system" "1.12.2"
      "@chakra-ui/utils" "1.8.2"
      react-fast-compare "3.2.0"
  
  "@chakra-ui/table@1.2.6":
    version "1.2.6"
    resolved "https://registry.yarnpkg.com/@chakra-ui/table/-/table-1.2.6.tgz#1402fd1479f07453067864d35967d8e6251114d4"
    integrity sha512-fwIBGRLCxhDjt17qfNESC51FIX9YDGJeSD9tC1vZKXveaJmYwVHOdoke1Vv/n++FoFkWPoJHplNOYgDFUiAPBA==
    dependencies:
      "@chakra-ui/utils" "1.8.2"
  
  "@chakra-ui/tabs@1.5.5":
    version "1.5.5"
    resolved "https://registry.yarnpkg.com/@chakra-ui/tabs/-/tabs-1.5.5.tgz#09721f87dbb170df2c67ecd49699f6abda064eab"
    integrity sha512-ZBPV1KlAYRMlwsXeUf3aPRFpcTsBQND6jWo9ZUYK+Kax8E0Qdltzrjxrrw7FpTj70EdFOIWZcn+2eD0c1y2sUA==
    dependencies:
      "@chakra-ui/clickable" "1.1.7"
      "@chakra-ui/descendant" "2.0.1"
      "@chakra-ui/hooks" "1.6.0"
      "@chakra-ui/react-utils" "1.1.2"
      "@chakra-ui/utils" "1.8.2"
  
  "@chakra-ui/tag@1.1.12":
    version "1.1.12"
    resolved "https://registry.yarnpkg.com/@chakra-ui/tag/-/tag-1.1.12.tgz#36f19cb886eb6f079f4ed03e4ed7ca4dadc654ef"
    integrity sha512-/tTHhfFNFJUCZwfs7xDCc2kLpBYD/WElt1cl37wLBkODM5ai22BzD1SRvRtd3UJmJtFop/P8+9cdM3+ZuO//UQ==
    dependencies:
      "@chakra-ui/icon" "1.1.11"
      "@chakra-ui/utils" "1.8.2"
  
  "@chakra-ui/textarea@1.1.14":
    version "1.1.14"
    resolved "https://registry.yarnpkg.com/@chakra-ui/textarea/-/textarea-1.1.14.tgz#05b7ef705fd8db77ff856593538524442c480dfd"
    integrity sha512-y/nlHq4TnGiMpgQ8mjWp8W3Qvtu67vx2ccQW3zDLVdkvi0bleK6+j7KL6EP9wqkG391QmXwhqKtTEhr0XTL96w==
    dependencies:
      "@chakra-ui/form-control" "1.4.1"
      "@chakra-ui/utils" "1.8.2"
  
  "@chakra-ui/theme-tools@1.2.0", "@chakra-ui/theme-tools@^1.1.9":
    version "1.2.0"
    resolved "https://registry.yarnpkg.com/@chakra-ui/theme-tools/-/theme-tools-1.2.0.tgz#bad1194d38000bf92feb2e8f0e41cd664b9ee6ca"
    integrity sha512-HCNwub3KeSzSEebpuzTKvEGzjGTPDVr6zSV036nHe6jkxkZgwrbmKH3ruxQJp5qJZh1V0DQzG0IB2fKjdWGE+g==
    dependencies:
      "@chakra-ui/utils" "1.8.2"
      "@types/tinycolor2" "1.4.2"
      tinycolor2 "1.4.2"
  
  "@chakra-ui/theme@1.10.1":
    version "1.10.1"
    resolved "https://registry.yarnpkg.com/@chakra-ui/theme/-/theme-1.10.1.tgz#e527f5533f0c0227b64a54e87f6ec2b5f7d6a45e"
    integrity sha512-YvncILdCZq8Ryzcvxz3jqM2lE/QLv7IbjbohHOk0FblkJNnZDaeRuVTKITrubCS4zyfHewmSSkbAfnch2+BERw==
    dependencies:
      "@chakra-ui/anatomy" "1.0.0"
      "@chakra-ui/theme-tools" "1.2.0"
      "@chakra-ui/utils" "1.8.2"
  
  "@chakra-ui/toast@1.2.11":
    version "1.2.11"
    resolved "https://registry.yarnpkg.com/@chakra-ui/toast/-/toast-1.2.11.tgz#e669fbcf98d0ae07fc456fa0de139630978a3798"
    integrity sha512-vi8wBLcV8HH9sRYniZk2tYIsUiSP7QUS2hS8Ue1Uf7p0reOR1stoZqc39bzLpeoUpOmz2aEt2I4Y+d9YUTcR8g==
    dependencies:
      "@chakra-ui/alert" "1.2.7"
      "@chakra-ui/close-button" "1.1.11"
      "@chakra-ui/hooks" "1.6.0"
      "@chakra-ui/theme" "1.10.1"
      "@chakra-ui/transition" "1.3.4"
      "@chakra-ui/utils" "1.8.2"
      "@reach/alert" "0.13.2"
  
  "@chakra-ui/tooltip@1.3.10":
    version "1.3.10"
    resolved "https://registry.yarnpkg.com/@chakra-ui/tooltip/-/tooltip-1.3.10.tgz#bf1ef4b4e82d3f6dd23b4b5ec16215c8bd6a441d"
    integrity sha512-W4av8UViS0g1w+hG8Y61tL7SGpQfN0W/XR5YeG0A/Fgj6QrA8ZgNbuFdyECpfOBSKFYZXGWxZ4E0sXAyqdHXew==
    dependencies:
      "@chakra-ui/hooks" "1.6.0"
      "@chakra-ui/popper" "2.2.1"
      "@chakra-ui/portal" "1.2.9"
      "@chakra-ui/react-utils" "1.1.2"
      "@chakra-ui/utils" "1.8.2"
      "@chakra-ui/visually-hidden" "1.0.14"
  
  "@chakra-ui/transition@1.3.4":
    version "1.3.4"
    resolved "https://registry.yarnpkg.com/@chakra-ui/transition/-/transition-1.3.4.tgz#36d610e98913a371dcea0ac248ad09bf6b34535d"
    integrity sha512-FYBJzTKEUoozoSfOGruPuv1/GBL0mZniBPh+wjHYcXbIJdp8S2gbPFlHPN+4S9NDXz+c9p+OLHZAEEv3Vcvt7A==
    dependencies:
      "@chakra-ui/utils" "1.8.2"
  
  "@chakra-ui/utils@1.8.2", "@chakra-ui/utils@^1.7.0":
    version "1.8.2"
    resolved "https://registry.yarnpkg.com/@chakra-ui/utils/-/utils-1.8.2.tgz#5a9f1f67c5f2232769fe7d009fcf96eebf3c2b4e"
    integrity sha512-MnE4czCQCE87Ch1DfAdmZvObgRviw9wQ9Zti372P8VD1ILEdff/C5WBWHW6mgG3YcorPAxgnrNF3MmNE95jRkA==
    dependencies:
      "@types/lodash.mergewith" "4.6.6"
      css-box-model "1.2.1"
      framesync "5.3.0"
      lodash.mergewith "4.6.2"
  
  "@chakra-ui/visually-hidden@1.0.14":
    version "1.0.14"
    resolved "https://registry.yarnpkg.com/@chakra-ui/visually-hidden/-/visually-hidden-1.0.14.tgz#75fb92916c1f0c949d3a1e05584911a24122182c"
    integrity sha512-4OoF0kDmfAVX1IS5kcJ35iOGVHXmk7EZgwH5U4kB32z/81kmG0KW/VeEFnilOknH6a5Mf3fZr8rYRVb/gLfvGg==
    dependencies:
      "@chakra-ui/utils" "1.8.2"
  
  "@emotion/babel-plugin@^11.3.0":
    version "11.3.0"
    resolved "https://registry.yarnpkg.com/@emotion/babel-plugin/-/babel-plugin-11.3.0.tgz#3a16850ba04d8d9651f07f3fb674b3436a4fb9d7"
    integrity sha512-UZKwBV2rADuhRp+ZOGgNWg2eYgbzKzQXfQPtJbu/PLy8onurxlNCLvxMQEvlr1/GudguPI5IU9qIY1+2z1M5bA==
    dependencies:
      "@babel/helper-module-imports" "^7.12.13"
      "@babel/plugin-syntax-jsx" "^7.12.13"
      "@babel/runtime" "^7.13.10"
      "@emotion/hash" "^0.8.0"
      "@emotion/memoize" "^0.7.5"
      "@emotion/serialize" "^1.0.2"
      babel-plugin-macros "^2.6.1"
      convert-source-map "^1.5.0"
      escape-string-regexp "^4.0.0"
      find-root "^1.1.0"
      source-map "^0.5.7"
      stylis "^4.0.3"
  
  "@emotion/cache@^11.4.0":
    version "11.4.0"
    resolved "https://registry.yarnpkg.com/@emotion/cache/-/cache-11.4.0.tgz#293fc9d9a7a38b9aad8e9337e5014366c3b09ac0"
    integrity sha512-Zx70bjE7LErRO9OaZrhf22Qye1y4F7iDl+ITjet0J+i+B88PrAOBkKvaAWhxsZf72tDLajwCgfCjJ2dvH77C3g==
    dependencies:
      "@emotion/memoize" "^0.7.4"
      "@emotion/sheet" "^1.0.0"
      "@emotion/utils" "^1.0.0"
      "@emotion/weak-memoize" "^0.2.5"
      stylis "^4.0.3"
  
  "@emotion/hash@^0.8.0":
    version "0.8.0"
    resolved "https://registry.yarnpkg.com/@emotion/hash/-/hash-0.8.0.tgz#bbbff68978fefdbe68ccb533bc8cbe1d1afb5413"
    integrity sha512-kBJtf7PH6aWwZ6fka3zQ0p6SBYzx4fl1LoZXE2RrnYST9Xljm7WfKJrU4g/Xr3Beg72MLrp1AWNUmuYJTL7Cow==
  
  "@emotion/is-prop-valid@^0.8.2":
    version "0.8.8"
    resolved "https://registry.yarnpkg.com/@emotion/is-prop-valid/-/is-prop-valid-0.8.8.tgz#db28b1c4368a259b60a97311d6a952d4fd01ac1a"
    integrity sha512-u5WtneEAr5IDG2Wv65yhunPSMLIpuKsbuOktRojfrEiEvRyC85LgPMZI63cr7NUqT8ZIGdSVg8ZKGxIug4lXcA==
    dependencies:
      "@emotion/memoize" "0.7.4"
  
  "@emotion/is-prop-valid@^1.1.0":
    version "1.1.0"
    resolved "https://registry.yarnpkg.com/@emotion/is-prop-valid/-/is-prop-valid-1.1.0.tgz#29ef6be1e946fb4739f9707def860f316f668cde"
    integrity sha512-9RkilvXAufQHsSsjQ3PIzSns+pxuX4EW8EbGeSPjZMHuMx6z/MOzb9LpqNieQX4F3mre3NWS2+X3JNRHTQztUQ==
    dependencies:
      "@emotion/memoize" "^0.7.4"
  
  "@emotion/memoize@0.7.4":
    version "0.7.4"
    resolved "https://registry.yarnpkg.com/@emotion/memoize/-/memoize-0.7.4.tgz#19bf0f5af19149111c40d98bb0cf82119f5d9eeb"
    integrity sha512-Ja/Vfqe3HpuzRsG1oBtWTHk2PGZ7GR+2Vz5iYGelAw8dx32K0y7PjVuxK6z1nMpZOqAFsRUPCkK1YjJ56qJlgw==
  
  "@emotion/memoize@^0.7.4", "@emotion/memoize@^0.7.5":
    version "0.7.5"
    resolved "https://registry.yarnpkg.com/@emotion/memoize/-/memoize-0.7.5.tgz#2c40f81449a4e554e9fc6396910ed4843ec2be50"
    integrity sha512-igX9a37DR2ZPGYtV6suZ6whr8pTFtyHL3K/oLUotxpSVO2ASaprmAe2Dkq7tBo7CRY7MMDrAa9nuQP9/YG8FxQ==
  
  "@emotion/react@^11":
    version "11.4.1"
    resolved "https://registry.yarnpkg.com/@emotion/react/-/react-11.4.1.tgz#a1b0b767b5bad57515ffb0cad9349614d27f4d57"
    integrity sha512-pRegcsuGYj4FCdZN6j5vqCALkNytdrKw3TZMekTzNXixRg4wkLsU5QEaBG5LC6l01Vppxlp7FE3aTHpIG5phLg==
    dependencies:
      "@babel/runtime" "^7.13.10"
      "@emotion/cache" "^11.4.0"
      "@emotion/serialize" "^1.0.2"
      "@emotion/sheet" "^1.0.2"
      "@emotion/utils" "^1.0.0"
      "@emotion/weak-memoize" "^0.2.5"
      hoist-non-react-statics "^3.3.1"
  
  "@emotion/serialize@^1.0.2":
    version "1.0.2"
    resolved "https://registry.yarnpkg.com/@emotion/serialize/-/serialize-1.0.2.tgz#77cb21a0571c9f68eb66087754a65fa97bfcd965"
    integrity sha512-95MgNJ9+/ajxU7QIAruiOAdYNjxZX7G2mhgrtDWswA21VviYIRP1R5QilZ/bDY42xiKsaktP4egJb3QdYQZi1A==
    dependencies:
      "@emotion/hash" "^0.8.0"
      "@emotion/memoize" "^0.7.4"
      "@emotion/unitless" "^0.7.5"
      "@emotion/utils" "^1.0.0"
      csstype "^3.0.2"
  
  "@emotion/sheet@^1.0.0", "@emotion/sheet@^1.0.2":
    version "1.0.2"
    resolved "https://registry.yarnpkg.com/@emotion/sheet/-/sheet-1.0.2.tgz#1d9ffde531714ba28e62dac6a996a8b1089719d0"
    integrity sha512-QQPB1B70JEVUHuNtzjHftMGv6eC3Y9wqavyarj4x4lg47RACkeSfNo5pxIOKizwS9AEFLohsqoaxGQj4p0vSIw==
  
  "@emotion/styled@^11":
    version "11.3.0"
    resolved "https://registry.yarnpkg.com/@emotion/styled/-/styled-11.3.0.tgz#d63ee00537dfb6ff612e31b0e915c5cf9925a207"
    integrity sha512-fUoLcN3BfMiLlRhJ8CuPUMEyKkLEoM+n+UyAbnqGEsCd5IzKQ7VQFLtzpJOaCD2/VR2+1hXQTnSZXVJeiTNltA==
    dependencies:
      "@babel/runtime" "^7.13.10"
      "@emotion/babel-plugin" "^11.3.0"
      "@emotion/is-prop-valid" "^1.1.0"
      "@emotion/serialize" "^1.0.2"
      "@emotion/utils" "^1.0.0"
  
  "@emotion/unitless@^0.7.5":
    version "0.7.5"
    resolved "https://registry.yarnpkg.com/@emotion/unitless/-/unitless-0.7.5.tgz#77211291c1900a700b8a78cfafda3160d76949ed"
    integrity sha512-OWORNpfjMsSSUBVrRBVGECkhWcULOAJz9ZW8uK9qgxD+87M7jHRcvh/A96XXNhXTLmKcoYSQtBEX7lHMO7YRwg==
  
  "@emotion/utils@^1.0.0":
    version "1.0.0"
    resolved "https://registry.yarnpkg.com/@emotion/utils/-/utils-1.0.0.tgz#abe06a83160b10570816c913990245813a2fd6af"
    integrity sha512-mQC2b3XLDs6QCW+pDQDiyO/EdGZYOygE8s5N5rrzjSI4M3IejPE/JPndCBwRT9z982aqQNi6beWs1UeayrQxxA==
  
  "@emotion/weak-memoize@^0.2.5":
    version "0.2.5"
    resolved "https://registry.yarnpkg.com/@emotion/weak-memoize/-/weak-memoize-0.2.5.tgz#8eed982e2ee6f7f4e44c253e12962980791efd46"
    integrity sha512-6U71C2Wp7r5XtFtQzYrW5iKFT67OixrSxjI4MptCHzdSVlgabczzqLe0ZSgnub/5Kp4hSbpDB1tMytZY9pwxxA==
  
  "@popperjs/core@2.4.4":
    version "2.4.4"
    resolved "https://registry.yarnpkg.com/@popperjs/core/-/core-2.4.4.tgz#11d5db19bd178936ec89cd84519c4de439574398"
    integrity sha512-1oO6+dN5kdIA3sKPZhRGJTfGVP4SWV6KqlMOwry4J3HfyD68sl/3KmG7DeYUzvN+RbhXDnv/D8vNNB8168tAMg==
  
  "@reach/alert@0.13.2":
    version "0.13.2"
    resolved "https://registry.yarnpkg.com/@reach/alert/-/alert-0.13.2.tgz#71c4a848d51341f1d6d9eaae060975391c224870"
    integrity sha512-LDz83AXCrClyq/MWe+0vaZfHp1Ytqn+kgL5VxG7rirUvmluWaj/snxzfNPWn0Ma4K2YENmXXRC/iHt5X95SqIg==
    dependencies:
      "@reach/utils" "0.13.2"
      "@reach/visually-hidden" "0.13.2"
      prop-types "^15.7.2"
      tslib "^2.1.0"
  
  "@reach/utils@0.13.2":
    version "0.13.2"
    resolved "https://registry.yarnpkg.com/@reach/utils/-/utils-0.13.2.tgz#87e8fef8ebfe583fa48250238a1a3ed03189fcc8"
    integrity sha512-3ir6cN60zvUrwjOJu7C6jec/samqAeyAB12ZADK+qjnmQPdzSYldrFWwDVV5H0WkhbYXR3uh+eImu13hCetNPQ==
    dependencies:
      "@types/warning" "^3.0.0"
      tslib "^2.1.0"
      warning "^4.0.3"
  
  "@reach/visually-hidden@0.13.2":
    version "0.13.2"
    resolved "https://registry.yarnpkg.com/@reach/visually-hidden/-/visually-hidden-0.13.2.tgz#ee21de376a7e57e60dc92d95a671073796caa17e"
    integrity sha512-sPZwNS0/duOuG0mYwE5DmgEAzW9VhgU3aIt1+mrfT/xiT9Cdncqke+kRBQgU708q/Ttm9tWsoHni03nn/SuPTQ==
    dependencies:
      prop-types "^15.7.2"
      tslib "^2.1.0"
  
  "@reduxjs/toolkit@^1.6.1":
    version "1.6.1"
    resolved "https://registry.yarnpkg.com/@reduxjs/toolkit/-/toolkit-1.6.1.tgz#7bc83b47352a663bf28db01e79d17ba54b98ade9"
    integrity sha512-pa3nqclCJaZPAyBhruQtiRwtTjottRrVJqziVZcWzI73i6L3miLTtUyWfauwv08HWtiXLx1xGyGt+yLFfW/d0A==
    dependencies:
      immer "^9.0.1"
      redux "^4.1.0"
      redux-thunk "^2.3.0"
      reselect "^4.0.0"
  
  "@types/history@*":
    version "4.7.9"
    resolved "https://registry.yarnpkg.com/@types/history/-/history-4.7.9.tgz#1cfb6d60ef3822c589f18e70f8b12f9a28ce8724"
    integrity sha512-MUc6zSmU3tEVnkQ78q0peeEjKWPUADMlC/t++2bI8WnAG2tvYRPIgHG8lWkXwqc8MsUF6Z2MOf+Mh5sazOmhiQ==
  
  "@types/hoist-non-react-statics@^3.3.0":
    version "3.3.1"
    resolved "https://registry.yarnpkg.com/@types/hoist-non-react-statics/-/hoist-non-react-statics-3.3.1.tgz#1124aafe5118cb591977aeb1ceaaed1070eb039f"
    integrity sha512-iMIqiko6ooLrTh1joXodJK5X9xeEALT1kM5G3ZLhD3hszxBdIEd5C75U834D9mLcINgD4OyZf5uQXjkuYydWvA==
    dependencies:
      "@types/react" "*"
      hoist-non-react-statics "^3.3.0"
  
  "@types/lodash.mergewith@4.6.6":
    version "4.6.6"
    resolved "https://registry.yarnpkg.com/@types/lodash.mergewith/-/lodash.mergewith-4.6.6.tgz#c4698f5b214a433ff35cb2c75ee6ec7f99d79f10"
    integrity sha512-RY/8IaVENjG19rxTZu9Nukqh0W2UrYgmBj5sdns4hWRZaV8PqR7wIKHFKzvOTjo4zVRV7sVI+yFhAJql12Kfqg==
    dependencies:
      "@types/lodash" "*"
  
  "@types/lodash@*":
    version "4.14.172"
    resolved "https://registry.yarnpkg.com/@types/lodash/-/lodash-4.14.172.tgz#aad774c28e7bfd7a67de25408e03ee5a8c3d028a"
    integrity sha512-/BHF5HAx3em7/KkzVKm3LrsD6HZAXuXO1AJZQ3cRRBZj4oHZDviWPYu0aEplAqDFNHZPW6d3G7KN+ONcCCC7pw==
  
  "@types/parse-json@^4.0.0":
    version "4.0.0"
    resolved "https://registry.yarnpkg.com/@types/parse-json/-/parse-json-4.0.0.tgz#2f8bb441434d163b35fb8ffdccd7138927ffb8c0"
    integrity sha512-//oorEZjL6sbPcKUaCdIGlIUeH26mgzimjBB77G6XRgnDl/L5wOnpyBGRe/Mmf5CVW3PwEBE1NjiMZ/ssFh4wA==
  
  "@types/prop-types@*":
    version "15.7.4"
    resolved "https://registry.yarnpkg.com/@types/prop-types/-/prop-types-15.7.4.tgz#fcf7205c25dff795ee79af1e30da2c9790808f11"
    integrity sha512-rZ5drC/jWjrArrS8BR6SIr4cWpW09RNTYt9AMZo3Jwwif+iacXAqgVjm0B0Bv/S1jhDXKHqRVNCbACkJ89RAnQ==
  
  "@types/react-dom@^17.0.9":
    version "17.0.9"
    resolved "https://registry.yarnpkg.com/@types/react-dom/-/react-dom-17.0.9.tgz#441a981da9d7be117042e1a6fd3dac4b30f55add"
    integrity sha512-wIvGxLfgpVDSAMH5utdL9Ngm5Owu0VsGmldro3ORLXV8CShrL8awVj06NuEXFQ5xyaYfdca7Sgbk/50Ri1GdPg==
    dependencies:
      "@types/react" "*"
  
  "@types/react-redux@^7.1.16":
    version "7.1.18"
    resolved "https://registry.yarnpkg.com/@types/react-redux/-/react-redux-7.1.18.tgz#2bf8fd56ebaae679a90ebffe48ff73717c438e04"
    integrity sha512-9iwAsPyJ9DLTRH+OFeIrm9cAbIj1i2ANL3sKQFATqnPWRbg+jEFXyZOKHiQK/N86pNRXbb4HRxAxo0SIX1XwzQ==
    dependencies:
      "@types/hoist-non-react-statics" "^3.3.0"
      "@types/react" "*"
      hoist-non-react-statics "^3.3.0"
      redux "^4.0.0"
  
  "@types/react-router-dom@^5.1.8":
    version "5.1.8"
    resolved "https://registry.yarnpkg.com/@types/react-router-dom/-/react-router-dom-5.1.8.tgz#bf3e1c8149b3d62eaa206d58599de82df0241192"
    integrity sha512-03xHyncBzG0PmDmf8pf3rehtjY0NpUj7TIN46FrT5n1ZWHPZvXz32gUyNboJ+xsL8cpg8bQVLcllptcQHvocrw==
    dependencies:
      "@types/history" "*"
      "@types/react" "*"
      "@types/react-router" "*"
  
  "@types/react-router@*":
    version "5.1.16"
    resolved "https://registry.yarnpkg.com/@types/react-router/-/react-router-5.1.16.tgz#f3ba045fb96634e38b21531c482f9aeb37608a99"
    integrity sha512-8d7nR/fNSqlTFGHti0R3F9WwIertOaaA1UEB8/jr5l5mDMOs4CidEgvvYMw4ivqrBK+vtVLxyTj2P+Pr/dtgzg==
    dependencies:
      "@types/history" "*"
      "@types/react" "*"
  
  "@types/react@*", "@types/react@^17.0.0", "@types/react@^17.0.19":
    version "17.0.19"
    resolved "https://registry.yarnpkg.com/@types/react/-/react-17.0.19.tgz#8f2a85e8180a43b57966b237d26a29481dacc991"
    integrity sha512-sX1HisdB1/ZESixMTGnMxH9TDe8Sk709734fEQZzCV/4lSu9kJCPbo2PbTRoZM+53Pp0P10hYVyReUueGwUi4A==
    dependencies:
      "@types/prop-types" "*"
      "@types/scheduler" "*"
      csstype "^3.0.2"
  
  "@types/scheduler@*":
    version "0.16.2"
    resolved "https://registry.yarnpkg.com/@types/scheduler/-/scheduler-0.16.2.tgz#1a62f89525723dde24ba1b01b092bf5df8ad4d39"
    integrity sha512-hppQEBDmlwhFAXKJX2KnWLYu5yMfi91yazPb2l+lbJiwW+wdo1gNeRA+3RgNSO39WYX2euey41KEwnqesU2Jew==
  
  "@types/tinycolor2@1.4.2":
    version "1.4.2"
    resolved "https://registry.yarnpkg.com/@types/tinycolor2/-/tinycolor2-1.4.2.tgz#721ca5c5d1a2988b4a886e35c2ffc5735b6afbdf"
    integrity sha512-PeHg/AtdW6aaIO2a+98Xj7rWY4KC1E6yOy7AFknJQ7VXUGNrMlyxDFxJo7HqLtjQms/ZhhQX52mLVW/EX3JGOw==
  
  "@types/warning@^3.0.0":
    version "3.0.0"
    resolved "https://registry.yarnpkg.com/@types/warning/-/warning-3.0.0.tgz#0d2501268ad8f9962b740d387c4654f5f8e23e52"
    integrity sha1-DSUBJorY+ZYrdA04fEZU9fjiPlI=
  
  acorn@^7.1.1:
    version "7.4.1"
    resolved "https://registry.yarnpkg.com/acorn/-/acorn-7.4.1.tgz#feaed255973d2e77555b83dbc08851a6c63520fa"
    integrity sha512-nQyp0o1/mNdbTO1PO6kHkwSrmgZ0MT/jCCpNiwbUjGoRN4dlBhqJtoQuCnEOKzgTVwg0ZWiCoQy6SxMebQVh8A==
  
  ansi-styles@^3.2.1:
    version "3.2.1"
    resolved "https://registry.yarnpkg.com/ansi-styles/-/ansi-styles-3.2.1.tgz#41fbb20243e50b12be0f04b8dedbf07520ce841d"
    integrity sha512-VT0ZI6kZRdTh8YyJw3SMbYm/u+NqfsAxEpWO0Pf9sq8/e94WxxOpPKx9FR1FlyCtOVDNOQ+8ntlqFxiRc+r5qA==
    dependencies:
      color-convert "^1.9.0"
  
  aria-hidden@^1.1.1:
    version "1.1.3"
    resolved "https://registry.yarnpkg.com/aria-hidden/-/aria-hidden-1.1.3.tgz#bb48de18dc84787a3c6eee113709c473c64ec254"
    integrity sha512-RhVWFtKH5BiGMycI72q2RAFMLQi8JP9bLuQXgR5a8Znp7P5KOIADSJeyfI8PCVxLEp067B2HbP5JIiI/PXIZeA==
    dependencies:
      tslib "^1.0.0"
  
  asap@~2.0.3:
    version "2.0.6"
    resolved "https://registry.yarnpkg.com/asap/-/asap-2.0.6.tgz#e50347611d7e690943208bbdafebcbc2fb866d46"
    integrity sha1-5QNHYR1+aQlDIIu9r+vLwvuGbUY=
  
  assert-never@^1.2.1:
    version "1.2.1"
    resolved "https://registry.yarnpkg.com/assert-never/-/assert-never-1.2.1.tgz#11f0e363bf146205fb08193b5c7b90f4d1cf44fe"
    integrity sha512-TaTivMB6pYI1kXwrFlEhLeGfOqoDNdTxjCdwRfFFkEA30Eu+k48W34nlok2EYWJfFFzqaEmichdNM7th6M5HNw==
  
  axios@^0.21.1:
    version "0.21.1"
    resolved "https://registry.yarnpkg.com/axios/-/axios-0.21.1.tgz#22563481962f4d6bde9a76d516ef0e5d3c09b2b8"
    integrity sha512-dKQiRHxGD9PPRIUNIWvZhPTPpl1rf/OxTYKsqKUDjBwYylTvV7SjSHJb9ratfyzM6wCdLCOYLzs73qpg5c4iGA==
    dependencies:
      follow-redirects "^1.10.0"
  
  babel-plugin-macros@^2.6.1:
    version "2.8.0"
    resolved "https://registry.yarnpkg.com/babel-plugin-macros/-/babel-plugin-macros-2.8.0.tgz#0f958a7cc6556b1e65344465d99111a1e5e10138"
    integrity sha512-SEP5kJpfGYqYKpBrj5XU3ahw5p5GOHJ0U5ssOSQ/WBVdwkD2Dzlce95exQTs3jOVWPPKLBN2rlEWkCK7dSmLvg==
    dependencies:
      "@babel/runtime" "^7.7.2"
      cosmiconfig "^6.0.0"
      resolve "^1.12.0"
  
  babel-walk@3.0.0-canary-5:
    version "3.0.0-canary-5"
    resolved "https://registry.yarnpkg.com/babel-walk/-/babel-walk-3.0.0-canary-5.tgz#f66ecd7298357aee44955f235a6ef54219104b11"
    integrity sha512-GAwkz0AihzY5bkwIY5QDR+LvsRQgB/B+1foMPvi0FZPMl5fjD7ICiznUiBdLYMH1QYe6vqu4gWYytZOccLouFw==
    dependencies:
      "@babel/types" "^7.9.6"
  
  call-bind@^1.0.2:
    version "1.0.2"
    resolved "https://registry.yarnpkg.com/call-bind/-/call-bind-1.0.2.tgz#b1d4e89e688119c3c9a903ad30abb2f6a919be3c"
    integrity sha512-7O+FbCihrB5WGbFYesctwmTKae6rOiIzmz1icreWJ+0aA7LJfuqhEso2T9ncpcFtzMQtzXf2QGGueWJGTYsqrA==
    dependencies:
      function-bind "^1.1.1"
      get-intrinsic "^1.0.2"
  
  callsites@^3.0.0:
    version "3.1.0"
    resolved "https://registry.yarnpkg.com/callsites/-/callsites-3.1.0.tgz#b3630abd8943432f54b3f0519238e33cd7df2f73"
    integrity sha512-P8BjAsXvZS+VIDUI11hHCQEv74YT67YUi5JJFNWIqL235sBmjX4+qx9Muvls5ivyNENctx46xQLQ3aTuE7ssaQ==
  
  chalk@^2.0.0:
    version "2.4.2"
    resolved "https://registry.yarnpkg.com/chalk/-/chalk-2.4.2.tgz#cd42541677a54333cf541a49108c1432b44c9424"
    integrity sha512-Mti+f9lpJNcwF4tWV8/OrTTtF1gZi+f8FqlyAdouralcFWFQWF2+NgCHShjkCb+IFBLq9buZwE1xckQU4peSuQ==
    dependencies:
      ansi-styles "^3.2.1"
      escape-string-regexp "^1.0.5"
      supports-color "^5.3.0"
  
  character-parser@^2.2.0:
    version "2.2.0"
    resolved "https://registry.yarnpkg.com/character-parser/-/character-parser-2.2.0.tgz#c7ce28f36d4bcd9744e5ffc2c5fcde1c73261fc0"
    integrity sha1-x84o821LzZdE5f/CxfzeHHMmH8A=
    dependencies:
      is-regex "^1.0.3"
  
  color-convert@^1.9.0:
    version "1.9.3"
    resolved "https://registry.yarnpkg.com/color-convert/-/color-convert-1.9.3.tgz#bb71850690e1f136567de629d2d5471deda4c1e8"
    integrity sha512-QfAUtd+vFdAtFQcC8CCyYt1fYWxSqAiK2cSD6zDB8N3cpsEBAvRxp9zOGg6G/SHHJYAT88/az/IuDGALsNVbGg==
    dependencies:
      color-name "1.1.3"
  
  color-name@1.1.3:
    version "1.1.3"
    resolved "https://registry.yarnpkg.com/color-name/-/color-name-1.1.3.tgz#a7d0558bd89c42f795dd42328f740831ca53bc25"
    integrity sha1-p9BVi9icQveV3UIyj3QIMcpTvCU=
  
  components@^0.1.0:
    version "0.1.0"
    resolved "https://registry.yarnpkg.com/components/-/components-0.1.0.tgz#2057c08e9c7bf2662feec95c49e5ff2a9ab85ed5"
    integrity sha1-IFfAjpx78mYv7slcSeX/Kpq4XtU=
  
  compute-scroll-into-view@1.0.14:
    version "1.0.14"
    resolved "https://registry.yarnpkg.com/compute-scroll-into-view/-/compute-scroll-into-view-1.0.14.tgz#80e3ebb25d6aa89f42e533956cb4b16a04cfe759"
    integrity sha512-mKDjINe3tc6hGelUMNDzuhorIUZ7kS7BwyY0r2wQd2HOH2tRuJykiC06iSEX8y1TuhNzvz4GcJnK16mM2J1NMQ==
  
  constantinople@^4.0.1:
    version "4.0.1"
    resolved "https://registry.yarnpkg.com/constantinople/-/constantinople-4.0.1.tgz#0def113fa0e4dc8de83331a5cf79c8b325213151"
    integrity sha512-vCrqcSIq4//Gx74TXXCGnHpulY1dskqLTFGDmhrGxzeXL8lF8kvXv6mpNWlJj1uD4DW23D4ljAqbY4RRaaUZIw==
    dependencies:
      "@babel/parser" "^7.6.0"
      "@babel/types" "^7.6.1"
  
  convert-source-map@^1.5.0:
    version "1.8.0"
    resolved "https://registry.yarnpkg.com/convert-source-map/-/convert-source-map-1.8.0.tgz#f3373c32d21b4d780dd8004514684fb791ca4369"
    integrity sha512-+OQdjP49zViI/6i7nIJpA8rAl4sV/JdPfU9nZs3VqOwGIgizICvuN2ru6fMd+4llL0tar18UYJXfZ/TWtmhUjA==
    dependencies:
      safe-buffer "~5.1.1"
  
  copy-to-clipboard@3.3.1:
    version "3.3.1"
    resolved "https://registry.yarnpkg.com/copy-to-clipboard/-/copy-to-clipboard-3.3.1.tgz#115aa1a9998ffab6196f93076ad6da3b913662ae"
    integrity sha512-i13qo6kIHTTpCm8/Wup+0b1mVWETvu2kIMzKoK8FpkLkFxlt0znUAHcMzox+T8sPlqtZXq3CulEjQHsYiGFJUw==
    dependencies:
      toggle-selection "^1.0.6"
  
  cosmiconfig@^6.0.0:
    version "6.0.0"
    resolved "https://registry.yarnpkg.com/cosmiconfig/-/cosmiconfig-6.0.0.tgz#da4fee853c52f6b1e6935f41c1a2fc50bd4a9982"
    integrity sha512-xb3ZL6+L8b9JLLCx3ZdoZy4+2ECphCMo2PwqgP1tlfVq6M6YReyzBJtvWWtbDSpNr9hn96pkCiZqUcFEc+54Qg==
    dependencies:
      "@types/parse-json" "^4.0.0"
      import-fresh "^3.1.0"
      parse-json "^5.0.0"
      path-type "^4.0.0"
      yaml "^1.7.2"
  
  css-box-model@1.2.1:
    version "1.2.1"
    resolved "https://registry.yarnpkg.com/css-box-model/-/css-box-model-1.2.1.tgz#59951d3b81fd6b2074a62d49444415b0d2b4d7c1"
    integrity sha512-a7Vr4Q/kd/aw96bnJG332W9V9LkJO69JRcaCYDUqjp6/z0w6VcZjgAcTbgFxEPfBgdnAwlh3iwu+hLopa+flJw==
    dependencies:
      tiny-invariant "^1.0.6"
  
  csstype@^3.0.2, csstype@^3.0.6:
    version "3.0.8"
    resolved "https://registry.yarnpkg.com/csstype/-/csstype-3.0.8.tgz#d2266a792729fb227cd216fb572f43728e1ad340"
    integrity sha512-jXKhWqXPmlUeoQnF/EhTtTl4C9SnrxSH/jZUih3jmO6lBKr99rP3/+FmrMj4EFpOXzMtXHAZkd3x0E6h6Fgflw==
  
  dayjs@^1.10.7:
    version "1.10.7"
    resolved "https://registry.yarnpkg.com/dayjs/-/dayjs-1.10.7.tgz#2cf5f91add28116748440866a0a1d26f3a6ce468"
    integrity sha512-P6twpd70BcPK34K26uJ1KT3wlhpuOAPoMwJzpsIWUxHZ7wpmbdZL/hQqBDfz7hGurYSa5PhzdhDHtt319hL3ig==
  
  detect-node-es@^1.1.0:
    version "1.1.0"
    resolved "https://registry.yarnpkg.com/detect-node-es/-/detect-node-es-1.1.0.tgz#163acdf643330caa0b4cd7c21e7ee7755d6fa493"
    integrity sha512-ypdmJU/TbBby2Dxibuv7ZLW3Bs1QEmM7nHjEANfohJLvE0XVujisn1qPJcZxg+qDucsr+bP6fLD1rPS3AhJ7EQ==
  
  doctypes@^1.1.0:
    version "1.1.0"
    resolved "https://registry.yarnpkg.com/doctypes/-/doctypes-1.1.0.tgz#ea80b106a87538774e8a3a4a5afe293de489e0a9"
    integrity sha1-6oCxBqh1OHdOijpKWv4pPeSJ4Kk=
  
  dom-serializer@0:
    version "0.2.2"
    resolved "https://registry.yarnpkg.com/dom-serializer/-/dom-serializer-0.2.2.tgz#1afb81f533717175d478655debc5e332d9f9bb51"
    integrity sha512-2/xPb3ORsQ42nHYiSunXkDjPLBaEj/xTwUO4B7XCZQTRk7EBtTOPaygh10YAAh2OI1Qrp6NWfpAhzswj0ydt9g==
    dependencies:
      domelementtype "^2.0.1"
      entities "^2.0.0"
  
  domelementtype@1, domelementtype@^1.3.1:
    version "1.3.1"
    resolved "https://registry.yarnpkg.com/domelementtype/-/domelementtype-1.3.1.tgz#d048c44b37b0d10a7f2a3d5fee3f4333d790481f"
    integrity sha512-BSKB+TSpMpFI/HOxCNr1O8aMOTZ8hT3pM3GQ0w/mWRmkhEDSFJkkyzz4XQsBV44BChwGkrDfMyjVD0eA2aFV3w==
  
  domelementtype@^2.0.1:
    version "2.2.0"
    resolved "https://registry.yarnpkg.com/domelementtype/-/domelementtype-2.2.0.tgz#9a0b6c2782ed6a1c7323d42267183df9bd8b1d57"
    integrity sha512-DtBMo82pv1dFtUmHyr48beiuq792Sxohr+8Hm9zoxklYPfa6n0Z3Byjj2IV7bmr2IyqClnqEQhfgHJJ5QF0R5A==
  
  domhandler@^2.3.0:
    version "2.4.2"
    resolved "https://registry.yarnpkg.com/domhandler/-/domhandler-2.4.2.tgz#8805097e933d65e85546f726d60f5eb88b44f803"
    integrity sha512-JiK04h0Ht5u/80fdLMCEmV4zkNh2BcoMFBmZ/91WtYZ8qVXSKjiw7fXMgFPnHcSZgOo3XdinHvmnDUeMf5R4wA==
    dependencies:
      domelementtype "1"
  
  domutils@^1.5.1:
    version "1.7.0"
    resolved "https://registry.yarnpkg.com/domutils/-/domutils-1.7.0.tgz#56ea341e834e06e6748af7a1cb25da67ea9f8c2a"
    integrity sha512-Lgd2XcJ/NjEw+7tFvfKxOzCYKZsdct5lczQ2ZaQY8Djz7pfAD3Gbp8ySJWtreII/vDlMVmxwa6pHmdxIYgttDg==
    dependencies:
      dom-serializer "0"
      domelementtype "1"
  
  editorjs-blocks-react-renderer@^1.1.1:
    version "1.1.1"
    resolved "https://registry.yarnpkg.com/editorjs-blocks-react-renderer/-/editorjs-blocks-react-renderer-1.1.1.tgz#508bd853a380d2b11a13a00e3bc128bfabe55490"
    integrity sha512-BBk6CSj+gSZ5F6dnV2Ea+iXfUh8P8CbmoH69be0wZO4Bw6CMkZ4AZdx7AG0XaM0kYGHcIQSkdgAzfx94nm2h7g==
    dependencies:
      react "^17.0.2"
      react-dom "^17.0.2"
      react-html-parser "^2.0.2"
  
  entities@^1.1.1:
    version "1.1.2"
    resolved "https://registry.yarnpkg.com/entities/-/entities-1.1.2.tgz#bdfa735299664dfafd34529ed4f8522a275fea56"
    integrity sha512-f2LZMYl1Fzu7YSBKg+RoROelpOaNrcGmE9AZubeDfrCEia483oW4MI4VyFd5VNHIgQ/7qm1I0wUHK1eJnn2y2w==
  
  entities@^2.0.0:
    version "2.2.0"
    resolved "https://registry.yarnpkg.com/entities/-/entities-2.2.0.tgz#098dc90ebb83d8dffa089d55256b351d34c4da55"
    integrity sha512-p92if5Nz619I0w+akJrLZH0MX0Pb5DX39XOwQTtXSdQQOaYH03S1uIQp4mhOZtAXrxq4ViO67YTiLBo2638o9A==
  
  error-ex@^1.3.1:
    version "1.3.2"
    resolved "https://registry.yarnpkg.com/error-ex/-/error-ex-1.3.2.tgz#b4ac40648107fdcdcfae242f428bea8a14d4f1bf"
    integrity sha512-7dFHNmqeFSEt2ZBsCriorKnn3Z2pj+fd9kmI6QoWw4//DL+icEBfc0U7qJCisqrTsKTjw4fNFy2pW9OqStD84g==
    dependencies:
      is-arrayish "^0.2.1"
  
  escape-string-regexp@^1.0.5:
    version "1.0.5"
    resolved "https://registry.yarnpkg.com/escape-string-regexp/-/escape-string-regexp-1.0.5.tgz#1b61c0562190a8dff6ae3bb2cf0200ca130b86d4"
    integrity sha1-G2HAViGQqN/2rjuyzwIAyhMLhtQ=
  
  escape-string-regexp@^4.0.0:
    version "4.0.0"
    resolved "https://registry.yarnpkg.com/escape-string-regexp/-/escape-string-regexp-4.0.0.tgz#14ba83a5d373e3d311e5afca29cf5bfad965bf34"
    integrity sha512-TtpcNJ3XAzx3Gq8sWRzJaVajRs0uVxA2YAkdb1jm2YkPz4G6egUFAyA3n5vtEIZefPk5Wa4UXbKuS5fKkJWdgA==
  
  find-root@^1.1.0:
    version "1.1.0"
    resolved "https://registry.yarnpkg.com/find-root/-/find-root-1.1.0.tgz#abcfc8ba76f708c42a97b3d685b7e9450bfb9ce4"
    integrity sha512-NKfW6bec6GfKc0SGx1e07QZY9PE99u0Bft/0rzSD5k3sO/vwkVUpDUKVm5Gpp5Ue3YfShPFTX2070tDs5kB9Ng==
  
  focus-lock@^0.8.1:
    version "0.8.1"
    resolved "https://registry.yarnpkg.com/focus-lock/-/focus-lock-0.8.1.tgz#bb36968abf77a2063fa173cb6c47b12ac8599d33"
    integrity sha512-/LFZOIo82WDsyyv7h7oc0MJF9ACOvDRdx9rWPZ2pgMfNWu/z8hQDBtOchuB/0BVLmuFOZjV02YwUVzNsWx/EzA==
    dependencies:
      tslib "^1.9.3"
  
  follow-redirects@^1.10.0:
    version "1.14.2"
    resolved "https://registry.yarnpkg.com/follow-redirects/-/follow-redirects-1.14.2.tgz#cecb825047c00f5e66b142f90fed4f515dec789b"
    integrity sha512-yLR6WaE2lbF0x4K2qE2p9PEXKLDjUjnR/xmjS3wHAYxtlsI9MLLBJUZirAHKzUZDGLxje7w/cXR49WOUo4rbsA==
  
  framer-motion@^4:
    version "4.1.17"
    resolved "https://registry.yarnpkg.com/framer-motion/-/framer-motion-4.1.17.tgz#4029469252a62ea599902e5a92b537120cc89721"
    integrity sha512-thx1wvKzblzbs0XaK2X0G1JuwIdARcoNOW7VVwjO8BUltzXPyONGAElLu6CiCScsOQRI7FIk/45YTFtJw5Yozw==
    dependencies:
      framesync "5.3.0"
      hey-listen "^1.0.8"
      popmotion "9.3.6"
      style-value-types "4.1.4"
      tslib "^2.1.0"
    optionalDependencies:
      "@emotion/is-prop-valid" "^0.8.2"
  
  framesync@5.3.0:
    version "5.3.0"
    resolved "https://registry.yarnpkg.com/framesync/-/framesync-5.3.0.tgz#0ecfc955e8f5a6ddc8fdb0cc024070947e1a0d9b"
    integrity sha512-oc5m68HDO/tuK2blj7ZcdEBRx3p1PjrgHazL8GYEpvULhrtGIFbQArN6cQS2QhW8mitffaB+VYzMjDqBxxQeoA==
    dependencies:
      tslib "^2.1.0"
  
  function-bind@^1.1.1:
    version "1.1.1"
    resolved "https://registry.yarnpkg.com/function-bind/-/function-bind-1.1.1.tgz#a56899d3ea3c9bab874bb9773b7c5ede92f4895d"
    integrity sha512-yIovAzMX49sF8Yl58fSCWJ5svSLuaibPxXQJFLmBObTuCr0Mf1KiPopGM9NiFjiYBCbfaa2Fh6breQ6ANVTI0A==
  
  get-intrinsic@^1.0.2:
    version "1.1.1"
    resolved "https://registry.yarnpkg.com/get-intrinsic/-/get-intrinsic-1.1.1.tgz#15f59f376f855c446963948f0d24cd3637b4abc6"
    integrity sha512-kWZrnVM42QCiEA2Ig1bG8zjoIMOgxWwYCEeNdwY6Tv/cOSeGpcoX4pXHfKUxNKVoArnrEr2e9srnAxxGIraS9Q==
    dependencies:
      function-bind "^1.1.1"
      has "^1.0.3"
      has-symbols "^1.0.1"
  
  get-nonce@^1.0.0:
    version "1.0.1"
    resolved "https://registry.yarnpkg.com/get-nonce/-/get-nonce-1.0.1.tgz#fdf3f0278073820d2ce9426c18f07481b1e0cdf3"
    integrity sha512-FJhYRoDaiatfEkUK8HKlicmu/3SGFD51q3itKDGoSTysQJBnfOcxU5GxnhE1E6soB76MbT0MBtnKJuXyAx+96Q==
  
  has-flag@^3.0.0:
    version "3.0.0"
    resolved "https://registry.yarnpkg.com/has-flag/-/has-flag-3.0.0.tgz#b5d454dc2199ae225699f3467e5a07f3b955bafd"
    integrity sha1-tdRU3CGZriJWmfNGfloH87lVuv0=
  
  has-symbols@^1.0.1, has-symbols@^1.0.2:
    version "1.0.2"
    resolved "https://registry.yarnpkg.com/has-symbols/-/has-symbols-1.0.2.tgz#165d3070c00309752a1236a479331e3ac56f1423"
    integrity sha512-chXa79rL/UC2KlX17jo3vRGz0azaWEx5tGqZg5pO3NUyEJVB17dMruQlzCCOfUvElghKcm5194+BCRvi2Rv/Gw==
  
  has-tostringtag@^1.0.0:
    version "1.0.0"
    resolved "https://registry.yarnpkg.com/has-tostringtag/-/has-tostringtag-1.0.0.tgz#7e133818a7d394734f941e73c3d3f9291e658b25"
    integrity sha512-kFjcSNhnlGV1kyoGk7OXKSawH5JOb/LzUc5w9B02hOTO0dfFRjbHQKvg1d6cf3HbeUmtU9VbbV3qzZ2Teh97WQ==
    dependencies:
      has-symbols "^1.0.2"
  
  has@^1.0.3:
    version "1.0.3"
    resolved "https://registry.yarnpkg.com/has/-/has-1.0.3.tgz#722d7cbfc1f6aa8241f16dd814e011e1f41e8796"
    integrity sha512-f2dvO0VU6Oej7RkWJGrehjbzMAjFp5/VKPp5tTpWIV4JHHZK1/BxbFRtf/siA2SWTe09caDmVtYYzWEIbBS4zw==
    dependencies:
      function-bind "^1.1.1"
  
  hey-listen@^1.0.8:
    version "1.0.8"
    resolved "https://registry.yarnpkg.com/hey-listen/-/hey-listen-1.0.8.tgz#8e59561ff724908de1aa924ed6ecc84a56a9aa68"
    integrity sha512-COpmrF2NOg4TBWUJ5UVyaCU2A88wEMkUPK4hNqyCkqHbxT92BbvfjoSozkAIIm6XhicGlJHhFdullInrdhwU8Q==
  
  history@^4.9.0:
    version "4.10.1"
    resolved "https://registry.yarnpkg.com/history/-/history-4.10.1.tgz#33371a65e3a83b267434e2b3f3b1b4c58aad4cf3"
    integrity sha512-36nwAD620w12kuzPAsyINPWJqlNbij+hpK1k9XRloDtym8mxzGYl2c17LnV6IAGB2Dmg4tEa7G7DlawS0+qjew==
    dependencies:
      "@babel/runtime" "^7.1.2"
      loose-envify "^1.2.0"
      resolve-pathname "^3.0.0"
      tiny-invariant "^1.0.2"
      tiny-warning "^1.0.0"
      value-equal "^1.0.1"
  
  hoist-non-react-statics@^3.1.0, hoist-non-react-statics@^3.3.0, hoist-non-react-statics@^3.3.1, hoist-non-react-statics@^3.3.2:
    version "3.3.2"
    resolved "https://registry.yarnpkg.com/hoist-non-react-statics/-/hoist-non-react-statics-3.3.2.tgz#ece0acaf71d62c2969c2ec59feff42a4b1a85b45"
    integrity sha512-/gGivxi8JPKWNm/W0jSmzcMPpfpPLc3dY/6GxhX2hQ9iGj3aDfklV4ET7NjKpSinLpJ5vafa9iiGIEZg10SfBw==
    dependencies:
      react-is "^16.7.0"
  
  htmlparser2@^3.9.0:
    version "3.10.1"
    resolved "https://registry.yarnpkg.com/htmlparser2/-/htmlparser2-3.10.1.tgz#bd679dc3f59897b6a34bb10749c855bb53a9392f"
    integrity sha512-IgieNijUMbkDovyoKObU1DUhm1iwNYE/fuifEoEHfd1oZKZDaONBSkal7Y01shxsM49R4XaMdGez3WnF9UfiCQ==
    dependencies:
      domelementtype "^1.3.1"
      domhandler "^2.3.0"
      domutils "^1.5.1"
      entities "^1.1.1"
      inherits "^2.0.1"
      readable-stream "^3.1.1"
  
  immer@^9.0.1:
    version "9.0.5"
    resolved "https://registry.yarnpkg.com/immer/-/immer-9.0.5.tgz#a7154f34fe7064f15f00554cc94c66cc0bf453ec"
    integrity sha512-2WuIehr2y4lmYz9gaQzetPR2ECniCifk4ORaQbU3g5EalLt+0IVTosEPJ5BoYl/75ky2mivzdRzV8wWgQGOSYQ==
  
  import-fresh@^3.1.0:
    version "3.3.0"
    resolved "https://registry.yarnpkg.com/import-fresh/-/import-fresh-3.3.0.tgz#37162c25fcb9ebaa2e6e53d5b4d88ce17d9e0c2b"
    integrity sha512-veYYhQa+D1QBKznvhUHxb8faxlrwUnxseDAbAp457E0wLNio2bOSKnjYDhMj+YiAq61xrMGhQk9iXVk5FzgQMw==
    dependencies:
      parent-module "^1.0.0"
      resolve-from "^4.0.0"
  
  inherits@^2.0.1, inherits@^2.0.3:
    version "2.0.4"
    resolved "https://registry.yarnpkg.com/inherits/-/inherits-2.0.4.tgz#0fa2c64f932917c3433a0ded55363aae37416b7c"
    integrity sha512-k/vGaX4/Yla3WzyMCvTQOXYeIHvqOKtnqBduzTHpzpQZzAskKMhZ2K+EnBiSM9zGSoIFeMpXKxa4dYeZIQqewQ==
  
  invariant@^2.2.4:
    version "2.2.4"
    resolved "https://registry.yarnpkg.com/invariant/-/invariant-2.2.4.tgz#610f3c92c9359ce1db616e538008d23ff35158e6"
    integrity sha512-phJfQVBuaJM5raOpJjSfkiD6BpbCE4Ns//LaXl6wGYtUBY83nWS6Rf9tXm2e8VaK60JEjYldbPif/A2B1C2gNA==
    dependencies:
      loose-envify "^1.0.0"
  
  is-arrayish@^0.2.1:
    version "0.2.1"
    resolved "https://registry.yarnpkg.com/is-arrayish/-/is-arrayish-0.2.1.tgz#77c99840527aa8ecb1a8ba697b80645a7a926a9d"
    integrity sha1-d8mYQFJ6qOyxqLppe4BkWnqSap0=
  
  is-core-module@^2.2.0:
    version "2.6.0"
    resolved "https://registry.yarnpkg.com/is-core-module/-/is-core-module-2.6.0.tgz#d7553b2526fe59b92ba3e40c8df757ec8a709e19"
    integrity sha512-wShG8vs60jKfPWpF2KZRaAtvt3a20OAn7+IJ6hLPECpSABLcKtFKTTI4ZtH5QcBruBHlq+WsdHWyz0BCZW7svQ==
    dependencies:
      has "^1.0.3"
  
  is-expression@^4.0.0:
    version "4.0.0"
    resolved "https://registry.yarnpkg.com/is-expression/-/is-expression-4.0.0.tgz#c33155962abf21d0afd2552514d67d2ec16fd2ab"
    integrity sha512-zMIXX63sxzG3XrkHkrAPvm/OVZVSCPNkwMHU8oTX7/U3AL78I0QXCEICXUM13BIa8TYGZ68PiTKfQz3yaTNr4A==
    dependencies:
      acorn "^7.1.1"
      object-assign "^4.1.1"
  
  is-promise@^2.0.0:
    version "2.2.2"
    resolved "https://registry.yarnpkg.com/is-promise/-/is-promise-2.2.2.tgz#39ab959ccbf9a774cf079f7b40c7a26f763135f1"
    integrity sha512-+lP4/6lKUBfQjZ2pdxThZvLUAafmZb8OAxFb8XXtiQmS35INgr85hdOGoEs124ez1FCnZJt6jau/T+alh58QFQ==
  
  is-regex@^1.0.3:
    version "1.1.4"
    resolved "https://registry.yarnpkg.com/is-regex/-/is-regex-1.1.4.tgz#eef5663cd59fa4c0ae339505323df6854bb15958"
    integrity sha512-kvRdxDsxZjhzUX07ZnLydzS1TU/TJlTUHHY4YLL87e37oUA49DfkLqgy+VjFocowy29cKvcSiu+kIv728jTTVg==
    dependencies:
      call-bind "^1.0.2"
      has-tostringtag "^1.0.0"
  
  isarray@0.0.1:
    version "0.0.1"
    resolved "https://registry.yarnpkg.com/isarray/-/isarray-0.0.1.tgz#8a18acfca9a8f4177e09abfc6038939b05d1eedf"
    integrity sha1-ihis/Kmo9Bd+Cav8YDiTmwXR7t8=
  
  js-stringify@^1.0.2:
    version "1.0.2"
    resolved "https://registry.yarnpkg.com/js-stringify/-/js-stringify-1.0.2.tgz#1736fddfd9724f28a3682adc6230ae7e4e9679db"
    integrity sha1-Fzb939lyTyijaCrcYjCufk6Weds=
  
  "js-tokens@^3.0.0 || ^4.0.0", js-tokens@^4.0.0:
    version "4.0.0"
    resolved "https://registry.yarnpkg.com/js-tokens/-/js-tokens-4.0.0.tgz#19203fb59991df98e3a287050d4647cdeaf32499"
    integrity sha512-RdJUflcE3cUzKiMqQgsCu06FPu9UdIJO0beYbPhHN4k6apgJtifcoCtT9bcxOpYBtpD2kCM6Sbzg4CausW/PKQ==
  
  json-parse-even-better-errors@^2.3.0:
    version "2.3.1"
    resolved "https://registry.yarnpkg.com/json-parse-even-better-errors/-/json-parse-even-better-errors-2.3.1.tgz#7c47805a94319928e05777405dc12e1f7a4ee02d"
    integrity sha512-xyFwyhro/JEof6Ghe2iz2NcXoj2sloNsWr/XsERDK/oiPCfaNhl5ONfp+jQdAZRQQ0IJWNzH9zIZF7li91kh2w==
  
  jstransformer@1.0.0:
    version "1.0.0"
    resolved "https://registry.yarnpkg.com/jstransformer/-/jstransformer-1.0.0.tgz#ed8bf0921e2f3f1ed4d5c1a44f68709ed24722c3"
    integrity sha1-7Yvwkh4vPx7U1cGkT2hwntJHIsM=
    dependencies:
      is-promise "^2.0.0"
      promise "^7.0.1"
  
  lines-and-columns@^1.1.6:
    version "1.1.6"
    resolved "https://registry.yarnpkg.com/lines-and-columns/-/lines-and-columns-1.1.6.tgz#1c00c743b433cd0a4e80758f7b64a57440d9ff00"
    integrity sha1-HADHQ7QzzQpOgHWPe2SldEDZ/wA=
  
  lodash.mergewith@4.6.2:
    version "4.6.2"
    resolved "https://registry.yarnpkg.com/lodash.mergewith/-/lodash.mergewith-4.6.2.tgz#617121f89ac55f59047c7aec1ccd6654c6590f55"
    integrity sha512-GK3g5RPZWTRSeLSpgP8Xhra+pnjBC56q9FZYe1d5RN3TJ35dbkGy3YqBSMbyCrlbi+CM9Z3Jk5yTL7RCsqboyQ==
  
  loose-envify@^1.0.0, loose-envify@^1.1.0, loose-envify@^1.2.0, loose-envify@^1.3.1, loose-envify@^1.4.0:
    version "1.4.0"
    resolved "https://registry.yarnpkg.com/loose-envify/-/loose-envify-1.4.0.tgz#71ee51fa7be4caec1a63839f7e682d8132d30caf"
    integrity sha512-lyuxPGr/Wfhrlem2CL/UcnUc1zcqKAImBDzukY7Y5F/yQiNdko6+fRLevlw1HgMySw7f611UIY408EtxRSoK3Q==
    dependencies:
      js-tokens "^3.0.0 || ^4.0.0"
  
  mini-create-react-context@^0.4.0:
    version "0.4.1"
    resolved "https://registry.yarnpkg.com/mini-create-react-context/-/mini-create-react-context-0.4.1.tgz#072171561bfdc922da08a60c2197a497cc2d1d5e"
    integrity sha512-YWCYEmd5CQeHGSAKrYvXgmzzkrvssZcuuQDDeqkT+PziKGMgE+0MCCtcKbROzocGBG1meBLl2FotlRwf4gAzbQ==
    dependencies:
      "@babel/runtime" "^7.12.1"
      tiny-warning "^1.0.3"
  
  normalize.css@^8.0.1:
    version "8.0.1"
    resolved "https://registry.yarnpkg.com/normalize.css/-/normalize.css-8.0.1.tgz#9b98a208738b9cc2634caacbc42d131c97487bf3"
    integrity sha512-qizSNPO93t1YUuUhP22btGOo3chcvDFqFaj2TRybP0DMxkHOCTYwp3n34fel4a31ORXy4m1Xq0Gyqpb5m33qIg==
  
  object-assign@^4.1.1:
    version "4.1.1"
    resolved "https://registry.yarnpkg.com/object-assign/-/object-assign-4.1.1.tgz#2109adc7965887cfc05cbbd442cac8bfbb360863"
    integrity sha1-IQmtx5ZYh8/AXLvUQsrIv7s2CGM=
  
  parent-module@^1.0.0:
    version "1.0.1"
    resolved "https://registry.yarnpkg.com/parent-module/-/parent-module-1.0.1.tgz#691d2709e78c79fae3a156622452d00762caaaa2"
    integrity sha512-GQ2EWRpQV8/o+Aw8YqtfZZPfNRWZYkbidE9k5rpl/hC3vtHHBfGm2Ifi6qWV+coDGkrUKZAxE3Lot5kcsRlh+g==
    dependencies:
      callsites "^3.0.0"
  
  parse-json@^5.0.0:
    version "5.2.0"
    resolved "https://registry.yarnpkg.com/parse-json/-/parse-json-5.2.0.tgz#c76fc66dee54231c962b22bcc8a72cf2f99753cd"
    integrity sha512-ayCKvm/phCGxOkYRSCM82iDwct8/EonSEgCSxWxD7ve6jHggsFl4fZVQBPRNgQoKiuV/odhFrGzQXZwbifC8Rg==
    dependencies:
      "@babel/code-frame" "^7.0.0"
      error-ex "^1.3.1"
      json-parse-even-better-errors "^2.3.0"
      lines-and-columns "^1.1.6"
  
  path-parse@^1.0.6:
    version "1.0.7"
    resolved "https://registry.yarnpkg.com/path-parse/-/path-parse-1.0.7.tgz#fbc114b60ca42b30d9daf5858e4bd68bbedb6735"
    integrity sha512-LDJzPVEEEPR+y48z93A0Ed0yXb8pAByGWo/k5YYdYgpY2/2EsOsksJrq7lOHxryrVOn1ejG6oAp8ahvOIQD8sw==
  
  path-to-regexp@^1.7.0:
    version "1.8.0"
    resolved "https://registry.yarnpkg.com/path-to-regexp/-/path-to-regexp-1.8.0.tgz#887b3ba9d84393e87a0a0b9f4cb756198b53548a"
    integrity sha512-n43JRhlUKUAlibEJhPeir1ncUID16QnEjNpwzNdO3Lm4ywrBpBZ5oLD0I6br9evr1Y9JTqwRtAh7JLoOzAQdVA==
    dependencies:
      isarray "0.0.1"
  
  path-type@^4.0.0:
    version "4.0.0"
    resolved "https://registry.yarnpkg.com/path-type/-/path-type-4.0.0.tgz#84ed01c0a7ba380afe09d90a8c180dcd9d03043b"
    integrity sha512-gDKb8aZMDeD/tZWs9P6+q0J9Mwkdl6xMV8TjnGP3qJVJ06bdMgkbBlLU8IdfOsIsFz2BW1rNVT3XuNEl8zPAvw==
  
  popmotion@9.3.6:
    version "9.3.6"
    resolved "https://registry.yarnpkg.com/popmotion/-/popmotion-9.3.6.tgz#b5236fa28f242aff3871b9e23721f093133248d1"
    integrity sha512-ZTbXiu6zIggXzIliMi8LGxXBF5ST+wkpXGEjeTUDUOCdSQ356hij/xjeUdv0F8zCQNeqB1+PR5/BB+gC+QLAPw==
    dependencies:
      framesync "5.3.0"
      hey-listen "^1.0.8"
      style-value-types "4.1.4"
      tslib "^2.1.0"
  
  promise@^7.0.1:
    version "7.3.1"
    resolved "https://registry.yarnpkg.com/promise/-/promise-7.3.1.tgz#064b72602b18f90f29192b8b1bc418ffd1ebd3bf"
    integrity sha512-nolQXZ/4L+bP/UGlkfaIujX9BKxGwmQ9OT4mOt5yvy8iK1h3wqTEJCijzGANTCCl9nWjY41juyAn2K3Q1hLLTg==
    dependencies:
      asap "~2.0.3"
  
  prop-types@^15.6.2, prop-types@^15.7.2:
    version "15.7.2"
    resolved "https://registry.yarnpkg.com/prop-types/-/prop-types-15.7.2.tgz#52c41e75b8c87e72b9d9360e0206b99dcbffa6c5"
    integrity sha512-8QQikdH7//R2vurIJSutZ1smHYTcLpRWEOlHnzcWHmBYrOGUysKwSsrC89BCiFj3CbrfJ/nXFdJepOVrY1GCHQ==
    dependencies:
      loose-envify "^1.4.0"
      object-assign "^4.1.1"
      react-is "^16.8.1"
  
  pug-attrs@^3.0.0:
    version "3.0.0"
    resolved "https://registry.yarnpkg.com/pug-attrs/-/pug-attrs-3.0.0.tgz#b10451e0348165e31fad1cc23ebddd9dc7347c41"
    integrity sha512-azINV9dUtzPMFQktvTXciNAfAuVh/L/JCl0vtPCwvOA21uZrC08K/UnmrL+SXGEVc1FwzjW62+xw5S/uaLj6cA==
    dependencies:
      constantinople "^4.0.1"
      js-stringify "^1.0.2"
      pug-runtime "^3.0.0"
  
  pug-code-gen@^3.0.2:
    version "3.0.2"
    resolved "https://registry.yarnpkg.com/pug-code-gen/-/pug-code-gen-3.0.2.tgz#ad190f4943133bf186b60b80de483100e132e2ce"
    integrity sha512-nJMhW16MbiGRiyR4miDTQMRWDgKplnHyeLvioEJYbk1RsPI3FuA3saEP8uwnTb2nTJEKBU90NFVWJBk4OU5qyg==
    dependencies:
      constantinople "^4.0.1"
      doctypes "^1.1.0"
      js-stringify "^1.0.2"
      pug-attrs "^3.0.0"
      pug-error "^2.0.0"
      pug-runtime "^3.0.0"
      void-elements "^3.1.0"
      with "^7.0.0"
  
  pug-error@^2.0.0:
    version "2.0.0"
    resolved "https://registry.yarnpkg.com/pug-error/-/pug-error-2.0.0.tgz#5c62173cb09c34de2a2ce04f17b8adfec74d8ca5"
    integrity sha512-sjiUsi9M4RAGHktC1drQfCr5C5eriu24Lfbt4s+7SykztEOwVZtbFk1RRq0tzLxcMxMYTBR+zMQaG07J/btayQ==
  
  pug-filters@^4.0.0:
    version "4.0.0"
    resolved "https://registry.yarnpkg.com/pug-filters/-/pug-filters-4.0.0.tgz#d3e49af5ba8472e9b7a66d980e707ce9d2cc9b5e"
    integrity sha512-yeNFtq5Yxmfz0f9z2rMXGw/8/4i1cCFecw/Q7+D0V2DdtII5UvqE12VaZ2AY7ri6o5RNXiweGH79OCq+2RQU4A==
    dependencies:
      constantinople "^4.0.1"
      jstransformer "1.0.0"
      pug-error "^2.0.0"
      pug-walk "^2.0.0"
      resolve "^1.15.1"
  
  pug-lexer@^5.0.1:
    version "5.0.1"
    resolved "https://registry.yarnpkg.com/pug-lexer/-/pug-lexer-5.0.1.tgz#ae44628c5bef9b190b665683b288ca9024b8b0d5"
    integrity sha512-0I6C62+keXlZPZkOJeVam9aBLVP2EnbeDw3An+k0/QlqdwH6rv8284nko14Na7c0TtqtogfWXcRoFE4O4Ff20w==
    dependencies:
      character-parser "^2.2.0"
      is-expression "^4.0.0"
      pug-error "^2.0.0"
  
  pug-linker@^4.0.0:
    version "4.0.0"
    resolved "https://registry.yarnpkg.com/pug-linker/-/pug-linker-4.0.0.tgz#12cbc0594fc5a3e06b9fc59e6f93c146962a7708"
    integrity sha512-gjD1yzp0yxbQqnzBAdlhbgoJL5qIFJw78juN1NpTLt/mfPJ5VgC4BvkoD3G23qKzJtIIXBbcCt6FioLSFLOHdw==
    dependencies:
      pug-error "^2.0.0"
      pug-walk "^2.0.0"
  
  pug-load@^3.0.0:
    version "3.0.0"
    resolved "https://registry.yarnpkg.com/pug-load/-/pug-load-3.0.0.tgz#9fd9cda52202b08adb11d25681fb9f34bd41b662"
    integrity sha512-OCjTEnhLWZBvS4zni/WUMjH2YSUosnsmjGBB1An7CsKQarYSWQ0GCVyd4eQPMFJqZ8w9xgs01QdiZXKVjk92EQ==
    dependencies:
      object-assign "^4.1.1"
      pug-walk "^2.0.0"
  
  pug-parser@^6.0.0:
    version "6.0.0"
    resolved "https://registry.yarnpkg.com/pug-parser/-/pug-parser-6.0.0.tgz#a8fdc035863a95b2c1dc5ebf4ecf80b4e76a1260"
    integrity sha512-ukiYM/9cH6Cml+AOl5kETtM9NR3WulyVP2y4HOU45DyMim1IeP/OOiyEWRr6qk5I5klpsBnbuHpwKmTx6WURnw==
    dependencies:
      pug-error "^2.0.0"
      token-stream "1.0.0"
  
  pug-runtime@^3.0.0, pug-runtime@^3.0.1:
    version "3.0.1"
    resolved "https://registry.yarnpkg.com/pug-runtime/-/pug-runtime-3.0.1.tgz#f636976204723f35a8c5f6fad6acda2a191b83d7"
    integrity sha512-L50zbvrQ35TkpHwv0G6aLSuueDRwc/97XdY8kL3tOT0FmhgG7UypU3VztfV/LATAvmUfYi4wNxSajhSAeNN+Kg==
  
  pug-strip-comments@^2.0.0:
    version "2.0.0"
    resolved "https://registry.yarnpkg.com/pug-strip-comments/-/pug-strip-comments-2.0.0.tgz#f94b07fd6b495523330f490a7f554b4ff876303e"
    integrity sha512-zo8DsDpH7eTkPHCXFeAk1xZXJbyoTfdPlNR0bK7rpOMuhBYb0f5qUVCO1xlsitYd3w5FQTK7zpNVKb3rZoUrrQ==
    dependencies:
      pug-error "^2.0.0"
  
  pug-walk@^2.0.0:
    version "2.0.0"
    resolved "https://registry.yarnpkg.com/pug-walk/-/pug-walk-2.0.0.tgz#417aabc29232bb4499b5b5069a2b2d2a24d5f5fe"
    integrity sha512-yYELe9Q5q9IQhuvqsZNwA5hfPkMJ8u92bQLIMcsMxf/VADjNtEYptU+inlufAFYcWdHlwNfZOEnOOQrZrcyJCQ==
  
  pug@^3.0.2:
    version "3.0.2"
    resolved "https://registry.yarnpkg.com/pug/-/pug-3.0.2.tgz#f35c7107343454e43bc27ae0ff76c731b78ea535"
    integrity sha512-bp0I/hiK1D1vChHh6EfDxtndHji55XP/ZJKwsRqrz6lRia6ZC2OZbdAymlxdVFwd1L70ebrVJw4/eZ79skrIaw==
    dependencies:
      pug-code-gen "^3.0.2"
      pug-filters "^4.0.0"
      pug-lexer "^5.0.1"
      pug-linker "^4.0.0"
      pug-load "^3.0.0"
      pug-parser "^6.0.0"
      pug-runtime "^3.0.1"
      pug-strip-comments "^2.0.0"
  
  react-clientside-effect@^1.2.2:
    version "1.2.5"
    resolved "https://registry.yarnpkg.com/react-clientside-effect/-/react-clientside-effect-1.2.5.tgz#e2c4dc3c9ee109f642fac4f5b6e9bf5bcd2219a3"
    integrity sha512-2bL8qFW1TGBHozGGbVeyvnggRpMjibeZM2536AKNENLECutp2yfs44IL8Hmpn8qjFQ2K7A9PnYf3vc7aQq/cPA==
    dependencies:
      "@babel/runtime" "^7.12.13"
  
  react-dom@^17.0.2:
    version "17.0.2"
    resolved "https://registry.yarnpkg.com/react-dom/-/react-dom-17.0.2.tgz#ecffb6845e3ad8dbfcdc498f0d0a939736502c23"
    integrity sha512-s4h96KtLDUQlsENhMn1ar8t2bEa+q/YAtj8pPPdIjPDGBDIVNsrD9aXNWqspUe6AzKCIG0C1HZZLqLV7qpOBGA==
    dependencies:
      loose-envify "^1.1.0"
      object-assign "^4.1.1"
      scheduler "^0.20.2"
  
  react-fast-compare@3.2.0:
    version "3.2.0"
    resolved "https://registry.yarnpkg.com/react-fast-compare/-/react-fast-compare-3.2.0.tgz#641a9da81b6a6320f270e89724fb45a0b39e43bb"
    integrity sha512-rtGImPZ0YyLrscKI9xTpV8psd6I8VAtjKCzQDlzyDvqJA8XOW78TXYQwNRNd8g8JZnDu8q9Fu/1v4HPAVwVdHA==
  
  react-focus-lock@2.5.0:
    version "2.5.0"
    resolved "https://registry.yarnpkg.com/react-focus-lock/-/react-focus-lock-2.5.0.tgz#12e3a3940e897c26e2c2a0408cd25ea3c99b3709"
    integrity sha512-XLxj6uTXgz0US8TmqNU2jMfnXwZG0mH2r/afQqvPEaX6nyEll5LHVcEXk2XDUQ34RVeLPkO/xK5x6c/qiuSq/A==
    dependencies:
      "@babel/runtime" "^7.0.0"
      focus-lock "^0.8.1"
      prop-types "^15.6.2"
      react-clientside-effect "^1.2.2"
      use-callback-ref "^1.2.1"
      use-sidecar "^1.0.1"
  
  react-html-parser@^2.0.2:
    version "2.0.2"
    resolved "https://registry.yarnpkg.com/react-html-parser/-/react-html-parser-2.0.2.tgz#6dbe1ddd2cebc1b34ca15215158021db5fc5685e"
    integrity sha512-XeerLwCVjTs3njZcgCOeDUqLgNIt/t+6Jgi5/qPsO/krUWl76kWKXMeVs2LhY2gwM6X378DkhLjur0zUQdpz0g==
    dependencies:
      htmlparser2 "^3.9.0"
  
  react-is@^16.13.1, react-is@^16.6.0, react-is@^16.7.0, react-is@^16.8.1:
    version "16.13.1"
    resolved "https://registry.yarnpkg.com/react-is/-/react-is-16.13.1.tgz#789729a4dc36de2999dc156dd6c1d9c18cea56a4"
    integrity sha512-24e6ynE2H+OKt4kqsOvNd8kBpV65zoxbA4BVsEOB3ARVWQki/DHzaUoC5KuON/BiccDaCCTZBuOcfZs70kR8bQ==
  
  react-redux@^7.2.4:
    version "7.2.4"
    resolved "https://registry.yarnpkg.com/react-redux/-/react-redux-7.2.4.tgz#1ebb474032b72d806de2e0519cd07761e222e225"
    integrity sha512-hOQ5eOSkEJEXdpIKbnRyl04LhaWabkDPV+Ix97wqQX3T3d2NQ8DUblNXXtNMavc7DpswyQM6xfaN4HQDKNY2JA==
    dependencies:
      "@babel/runtime" "^7.12.1"
      "@types/react-redux" "^7.1.16"
      hoist-non-react-statics "^3.3.2"
      loose-envify "^1.4.0"
      prop-types "^15.7.2"
      react-is "^16.13.1"
  
  react-remove-scroll-bar@^2.1.0:
    version "2.2.0"
    resolved "https://registry.yarnpkg.com/react-remove-scroll-bar/-/react-remove-scroll-bar-2.2.0.tgz#d4d545a7df024f75d67e151499a6ab5ac97c8cdd"
    integrity sha512-UU9ZBP1wdMR8qoUs7owiVcpaPwsQxUDC2lypP6mmixaGlARZa7ZIBx1jcuObLdhMOvCsnZcvetOho0wzPa9PYg==
    dependencies:
      react-style-singleton "^2.1.0"
      tslib "^1.0.0"
  
  react-remove-scroll@2.4.1:
    version "2.4.1"
    resolved "https://registry.yarnpkg.com/react-remove-scroll/-/react-remove-scroll-2.4.1.tgz#e0af6126621083a5064591d367291a81b2d107f5"
    integrity sha512-K7XZySEzOHMTq7dDwcHsZA6Y7/1uX5RsWhRXVYv8rdh+y9Qz2nMwl9RX/Mwnj/j7JstCGmxyfyC0zbVGXYh3mA==
    dependencies:
      react-remove-scroll-bar "^2.1.0"
      react-style-singleton "^2.1.0"
      tslib "^1.0.0"
      use-callback-ref "^1.2.3"
      use-sidecar "^1.0.1"
  
  react-router-dom@^5.2.1:
    version "5.2.1"
    resolved "https://registry.yarnpkg.com/react-router-dom/-/react-router-dom-5.2.1.tgz#34af8b551a4ce17487d3f80e651b91651978dff6"
    integrity sha512-xhFFkBGVcIVPbWM2KEYzED+nuHQPmulVa7sqIs3ESxzYd1pYg8N8rxPnQ4T2o1zu/2QeDUWcaqST131SO1LR3w==
    dependencies:
      "@babel/runtime" "^7.12.13"
      history "^4.9.0"
      loose-envify "^1.3.1"
      prop-types "^15.6.2"
      react-router "5.2.1"
      tiny-invariant "^1.0.2"
      tiny-warning "^1.0.0"
  
  react-router@5.2.1:
    version "5.2.1"
    resolved "https://registry.yarnpkg.com/react-router/-/react-router-5.2.1.tgz#4d2e4e9d5ae9425091845b8dbc6d9d276239774d"
    integrity sha512-lIboRiOtDLFdg1VTemMwud9vRVuOCZmUIT/7lUoZiSpPODiiH1UQlfXy+vPLC/7IWdFYnhRwAyNqA/+I7wnvKQ==
    dependencies:
      "@babel/runtime" "^7.12.13"
      history "^4.9.0"
      hoist-non-react-statics "^3.1.0"
      loose-envify "^1.3.1"
      mini-create-react-context "^0.4.0"
      path-to-regexp "^1.7.0"
      prop-types "^15.6.2"
      react-is "^16.6.0"
      tiny-invariant "^1.0.2"
      tiny-warning "^1.0.0"
  
  react-style-singleton@^2.1.0:
    version "2.1.1"
    resolved "https://registry.yarnpkg.com/react-style-singleton/-/react-style-singleton-2.1.1.tgz#ce7f90b67618be2b6b94902a30aaea152ce52e66"
    integrity sha512-jNRp07Jza6CBqdRKNgGhT3u9umWvils1xsuMOjZlghBDH2MU0PL2WZor4PGYjXpnRCa9DQSlHMs/xnABWOwYbA==
    dependencies:
      get-nonce "^1.0.0"
      invariant "^2.2.4"
      tslib "^1.0.0"
  
  react@^17.0.2:
    version "17.0.2"
    resolved "https://registry.yarnpkg.com/react/-/react-17.0.2.tgz#d0b5cc516d29eb3eee383f75b62864cfb6800037"
    integrity sha512-gnhPt75i/dq/z3/6q/0asP78D0u592D5L1pd7M8P+dck6Fu/jJeL6iVVK23fptSUZj8Vjf++7wXA8UNclGQcbA==
    dependencies:
      loose-envify "^1.1.0"
      object-assign "^4.1.1"
  
  readable-stream@^3.1.1:
    version "3.6.0"
    resolved "https://registry.yarnpkg.com/readable-stream/-/readable-stream-3.6.0.tgz#337bbda3adc0706bd3e024426a286d4b4b2c9198"
    integrity sha512-BViHy7LKeTz4oNnkcLJ+lVSL6vpiFeX6/d3oSH8zCW7UxP2onchk+vTGB143xuFjHS3deTgkKoXXymXqymiIdA==
    dependencies:
      inherits "^2.0.3"
      string_decoder "^1.1.1"
      util-deprecate "^1.0.1"
  
  redux-persist@^6.0.0:
    version "6.0.0"
    resolved "https://registry.yarnpkg.com/redux-persist/-/redux-persist-6.0.0.tgz#b4d2972f9859597c130d40d4b146fecdab51b3a8"
    integrity sha512-71LLMbUq2r02ng2We9S215LtPu3fY0KgaGE0k8WRgl6RkqxtGfl7HUozz1Dftwsb0D/5mZ8dwAaPbtnzfvbEwQ==
  
  redux-thunk@^2.3.0:
    version "2.3.0"
    resolved "https://registry.yarnpkg.com/redux-thunk/-/redux-thunk-2.3.0.tgz#51c2c19a185ed5187aaa9a2d08b666d0d6467622"
    integrity sha512-km6dclyFnmcvxhAcrQV2AkZmPQjzPDjgVlQtR0EQjxZPyJ0BnMf3in1ryuR8A2qU0HldVRfxYXbFSKlI3N7Slw==
  
  redux@^4.0.0, redux@^4.1.0, redux@^4.1.1:
    version "4.1.1"
    resolved "https://registry.yarnpkg.com/redux/-/redux-4.1.1.tgz#76f1c439bb42043f985fbd9bf21990e60bd67f47"
    integrity sha512-hZQZdDEM25UY2P493kPYuKqviVwZ58lEmGQNeQ+gXa+U0gYPUBf7NKYazbe3m+bs/DzM/ahN12DbF+NG8i0CWw==
    dependencies:
      "@babel/runtime" "^7.9.2"
  
  regenerator-runtime@^0.13.4:
    version "0.13.9"
    resolved "https://registry.yarnpkg.com/regenerator-runtime/-/regenerator-runtime-0.13.9.tgz#8925742a98ffd90814988d7566ad30ca3b263b52"
    integrity sha512-p3VT+cOEgxFsRRA9X4lkI1E+k2/CtnKtU4gcxyaCUreilL/vqI6CdZ3wxVUx3UOUg+gnUOQQcRI7BmSI656MYA==
  
  reselect@^4.0.0:
    version "4.0.0"
    resolved "https://registry.yarnpkg.com/reselect/-/reselect-4.0.0.tgz#f2529830e5d3d0e021408b246a206ef4ea4437f7"
    integrity sha512-qUgANli03jjAyGlnbYVAV5vvnOmJnODyABz51RdBN7M4WaVu8mecZWgyQNkG8Yqe3KRGRt0l4K4B3XVEULC4CA==
  
  resolve-from@^4.0.0:
    version "4.0.0"
    resolved "https://registry.yarnpkg.com/resolve-from/-/resolve-from-4.0.0.tgz#4abcd852ad32dd7baabfe9b40e00a36db5f392e6"
    integrity sha512-pb/MYmXstAkysRFx8piNI1tGFNQIFA3vkE3Gq4EuA1dF6gHp/+vgZqsCGJapvy8N3Q+4o7FwvquPJcnZ7RYy4g==
  
  resolve-pathname@^3.0.0:
    version "3.0.0"
    resolved "https://registry.yarnpkg.com/resolve-pathname/-/resolve-pathname-3.0.0.tgz#99d02224d3cf263689becbb393bc560313025dcd"
    integrity sha512-C7rARubxI8bXFNB/hqcp/4iUeIXJhJZvFPFPiSPRnhU5UPxzMFIl+2E6yY6c4k9giDJAhtV+enfA+G89N6Csng==
  
  resolve@^1.12.0, resolve@^1.15.1:
    version "1.20.0"
    resolved "https://registry.yarnpkg.com/resolve/-/resolve-1.20.0.tgz#629a013fb3f70755d6f0b7935cc1c2c5378b1975"
    integrity sha512-wENBPt4ySzg4ybFQW2TT1zMQucPK95HSh/nq2CFTZVOGut2+pQvSsgtda4d26YrYcr067wjbmzOG8byDPBX63A==
    dependencies:
      is-core-module "^2.2.0"
      path-parse "^1.0.6"
  
  routes@^2.1.0:
    version "2.1.0"
    resolved "https://registry.yarnpkg.com/routes/-/routes-2.1.0.tgz#475571192a48f99b6c065dd926bb75e8ae83e8a2"
    integrity sha1-R1VxGSpI+ZtsBl3ZJrt16K6D6KI=
  
  safe-buffer@~5.1.1:
    version "5.1.2"
    resolved "https://registry.yarnpkg.com/safe-buffer/-/safe-buffer-5.1.2.tgz#991ec69d296e0313747d59bdfd2b745c35f8828d"
    integrity sha512-Gd2UZBJDkXlY7GbJxfsE8/nvKkUEU1G38c1siN6QP6a9PT9MmHB8GnpscSmMJSoF8LOIrt8ud/wPtojys4G6+g==
  
  safe-buffer@~5.2.0:
    version "5.2.1"
    resolved "https://registry.yarnpkg.com/safe-buffer/-/safe-buffer-5.2.1.tgz#1eaf9fa9bdb1fdd4ec75f58f9cdb4e6b7827eec6"
    integrity sha512-rp3So07KcdmmKbGvgaNxQSJr7bGVSVk5S9Eq1F+ppbRo70+YeaDxkw5Dd8NPN+GD6bjnYm2VuPuCXmpuYvmCXQ==
  
  scheduler@^0.20.2:
    version "0.20.2"
    resolved "https://registry.yarnpkg.com/scheduler/-/scheduler-0.20.2.tgz#4baee39436e34aa93b4874bddcbf0fe8b8b50e91"
    integrity sha512-2eWfGgAqqWFGqtdMmcL5zCMK1U8KlXv8SQFGglL3CEtd0aDVDWgeF/YoCmvln55m5zSk3J/20hTaSBeSObsQDQ==
    dependencies:
      loose-envify "^1.1.0"
      object-assign "^4.1.1"
  
  services@^0.0.3:
    version "0.0.3"
    resolved "https://registry.yarnpkg.com/services/-/services-0.0.3.tgz#337dfcae89a171a11fbfc1721b6962166bec0763"
    integrity sha1-M338romhcaEfv8FyG2liFmvsB2M=
    dependencies:
      underscore ">=1.3.0"
      underscore.string ">=2.0.0"
  
  source-map@^0.5.7:
    version "0.5.7"
    resolved "https://registry.yarnpkg.com/source-map/-/source-map-0.5.7.tgz#8a039d2d1021d22d1ea14c80d8ea468ba2ef3fcc"
    integrity sha1-igOdLRAh0i0eoUyA2OpGi6LvP8w=
  
  sprintf-js@^1.0.3:
    version "1.1.2"
    resolved "https://registry.yarnpkg.com/sprintf-js/-/sprintf-js-1.1.2.tgz#da1765262bf8c0f571749f2ad6c26300207ae673"
    integrity sha512-VE0SOVEHCk7Qc8ulkWw3ntAzXuqf7S2lvwQaDLRnUeIEaKNQJzV6BwmLKhOqT61aGhfUMrXeaBk+oDGCzvhcug==
  
  store@^2.0.12:
    version "2.0.12"
    resolved "https://registry.yarnpkg.com/store/-/store-2.0.12.tgz#8c534e2a0b831f72b75fc5f1119857c44ef5d593"
    integrity sha1-jFNOKguDH3K3X8XxEZhXxE711ZM=
  
  string_decoder@^1.1.1:
    version "1.3.0"
    resolved "https://registry.yarnpkg.com/string_decoder/-/string_decoder-1.3.0.tgz#42f114594a46cf1a8e30b0a84f56c78c3edac21e"
    integrity sha512-hkRX8U1WjJFd8LsDJ2yQ/wWWxaopEsABU1XfkM8A+j0+85JAGppt16cr1Whg6KIbb4okU6Mql6BOj+uup/wKeA==
    dependencies:
      safe-buffer "~5.2.0"
  
  style-value-types@4.1.4:
    version "4.1.4"
    resolved "https://registry.yarnpkg.com/style-value-types/-/style-value-types-4.1.4.tgz#80f37cb4fb024d6394087403dfb275e8bb627e75"
    integrity sha512-LCJL6tB+vPSUoxgUBt9juXIlNJHtBMy8jkXzUJSBzeHWdBu6lhzHqCvLVkXFGsFIlNa2ln1sQHya/gzaFmB2Lg==
    dependencies:
      hey-listen "^1.0.8"
      tslib "^2.1.0"
  
  stylis@^4.0.3:
    version "4.0.10"
    resolved "https://registry.yarnpkg.com/stylis/-/stylis-4.0.10.tgz#446512d1097197ab3f02fb3c258358c3f7a14240"
    integrity sha512-m3k+dk7QeJw660eIKRRn3xPF6uuvHs/FFzjX3HQ5ove0qYsiygoAhwn5a3IYKaZPo5LrYD0rfVmtv1gNY1uYwg==
  
  supports-color@^5.3.0:
    version "5.5.0"
    resolved "https://registry.yarnpkg.com/supports-color/-/supports-color-5.5.0.tgz#e2e69a44ac8772f78a1ec0b35b689df6530efc8f"
    integrity sha512-QjVjwdXIt408MIiAqCX4oUKsgU2EqAGzs2Ppkm4aQYbjm+ZEWEcW4SfFNTr4uMNZma0ey4f5lgLrkB0aX0QMow==
    dependencies:
      has-flag "^3.0.0"
  
  tiny-invariant@^1.0.2, tiny-invariant@^1.0.6:
    version "1.1.0"
    resolved "https://registry.yarnpkg.com/tiny-invariant/-/tiny-invariant-1.1.0.tgz#634c5f8efdc27714b7f386c35e6760991d230875"
    integrity sha512-ytxQvrb1cPc9WBEI/HSeYYoGD0kWnGEOR8RY6KomWLBVhqz0RgTwVO9dLrGz7dC+nN9llyI7OKAgRq8Vq4ZBSw==
  
  tiny-warning@^1.0.0, tiny-warning@^1.0.3:
    version "1.0.3"
    resolved "https://registry.yarnpkg.com/tiny-warning/-/tiny-warning-1.0.3.tgz#94a30db453df4c643d0fd566060d60a875d84754"
    integrity sha512-lBN9zLN/oAf68o3zNXYrdCt1kP8WsiGW8Oo2ka41b2IM5JL/S1CTyX1rW0mb/zSuJun0ZUrDxx4sqvYS2FWzPA==
  
  tinycolor2@1.4.2:
    version "1.4.2"
    resolved "https://registry.yarnpkg.com/tinycolor2/-/tinycolor2-1.4.2.tgz#3f6a4d1071ad07676d7fa472e1fac40a719d8803"
    integrity sha512-vJhccZPs965sV/L2sU4oRQVAos0pQXwsvTLkWYdqJ+a8Q5kPFzJTuOFwy7UniPli44NKQGAglksjvOcpo95aZA==
  
  to-fast-properties@^2.0.0:
    version "2.0.0"
    resolved "https://registry.yarnpkg.com/to-fast-properties/-/to-fast-properties-2.0.0.tgz#dc5e698cbd079265bc73e0377681a4e4e83f616e"
    integrity sha1-3F5pjL0HkmW8c+A3doGk5Og/YW4=
  
  toggle-selection@^1.0.6:
    version "1.0.6"
    resolved "https://registry.yarnpkg.com/toggle-selection/-/toggle-selection-1.0.6.tgz#6e45b1263f2017fa0acc7d89d78b15b8bf77da32"
    integrity sha1-bkWxJj8gF/oKzH2J14sVuL932jI=
  
  token-stream@1.0.0:
    version "1.0.0"
    resolved "https://registry.yarnpkg.com/token-stream/-/token-stream-1.0.0.tgz#cc200eab2613f4166d27ff9afc7ca56d49df6eb4"
    integrity sha1-zCAOqyYT9BZtJ/+a/HylbUnfbrQ=
  
  tslib@^1.0.0, tslib@^1.9.3:
    version "1.14.1"
    resolved "https://registry.yarnpkg.com/tslib/-/tslib-1.14.1.tgz#cf2d38bdc34a134bcaf1091c41f6619e2f672d00"
    integrity sha512-Xni35NKzjgMrwevysHTCArtLDpPvye8zV/0E4EyYn43P7/7qvQwPh9BGkHewbMulVntbigmcT7rdX3BNo9wRJg==
  
  tslib@^2.1.0:
    version "2.3.1"
    resolved "https://registry.yarnpkg.com/tslib/-/tslib-2.3.1.tgz#e8a335add5ceae51aa261d32a490158ef042ef01"
    integrity sha512-77EbyPPpMz+FRFRuAFlWMtmgUWGe9UOG2Z25NqCwiIjRhOf5iKGuzSe5P2w1laq+FkRy4p+PCuVkJSGkzTEKVw==
  
  types@^0.0.1:
    version "0.0.1"
    resolved "https://registry.yarnpkg.com/types/-/types-0.0.1.tgz#6c095dbc4df02c01029c46dfeaa1d5210fac1a4f"
    integrity sha1-bAldvE3wLAECnEbf6qHVIQ+sGk8=
  
  underscore.string@>=2.0.0:
    version "3.3.5"
    resolved "https://registry.yarnpkg.com/underscore.string/-/underscore.string-3.3.5.tgz#fc2ad255b8bd309e239cbc5816fd23a9b7ea4023"
    integrity sha512-g+dpmgn+XBneLmXXo+sGlW5xQEt4ErkS3mgeN2GFbremYeMBSJKr9Wf2KJplQVaiPY/f7FN6atosWYNm9ovrYg==
    dependencies:
      sprintf-js "^1.0.3"
      util-deprecate "^1.0.2"
  
  underscore@>=1.3.0:
    version "1.13.1"
    resolved "https://registry.yarnpkg.com/underscore/-/underscore-1.13.1.tgz#0c1c6bd2df54b6b69f2314066d65b6cde6fcf9d1"
    integrity sha512-hzSoAVtJF+3ZtiFX0VgfFPHEDRm7Y/QPjGyNo4TVdnDTdft3tr8hEkD25a1jC+TjTuE7tkHGKkhwCgs9dgBB2g==
  
  use-callback-ref@^1.2.1, use-callback-ref@^1.2.3:
    version "1.2.5"
    resolved "https://registry.yarnpkg.com/use-callback-ref/-/use-callback-ref-1.2.5.tgz#6115ed242cfbaed5915499c0a9842ca2912f38a5"
    integrity sha512-gN3vgMISAgacF7sqsLPByqoePooY3n2emTH59Ur5d/M8eg4WTWu1xp8i8DHjohftIyEx0S08RiYxbffr4j8Peg==
  
  use-sidecar@^1.0.1:
    version "1.0.5"
    resolved "https://registry.yarnpkg.com/use-sidecar/-/use-sidecar-1.0.5.tgz#ffff2a17c1df42e348624b699ba6e5c220527f2b"
    integrity sha512-k9jnrjYNwN6xYLj1iaGhonDghfvmeTmYjAiGvOr7clwKfPjMXJf4/HOr7oT5tJwYafgp2tG2l3eZEOfoELiMcA==
    dependencies:
      detect-node-es "^1.1.0"
      tslib "^1.9.3"
  
  util-deprecate@^1.0.1, util-deprecate@^1.0.2:
    version "1.0.2"
    resolved "https://registry.yarnpkg.com/util-deprecate/-/util-deprecate-1.0.2.tgz#450d4dc9fa70de732762fbd2d4a28981419a0ccf"
    integrity sha1-RQ1Nyfpw3nMnYvvS1KKJgUGaDM8=
  
  value-equal@^1.0.1:
    version "1.0.1"
    resolved "https://registry.yarnpkg.com/value-equal/-/value-equal-1.0.1.tgz#1e0b794c734c5c0cade179c437d356d931a34d6c"
    integrity sha512-NOJ6JZCAWr0zlxZt+xqCHNTEKOsrks2HQd4MqhP1qy4z1SkbEP467eNx6TgDKXMvUOb+OENfJCZwM+16n7fRfw==
  
  void-elements@^3.1.0:
    version "3.1.0"
    resolved "https://registry.yarnpkg.com/void-elements/-/void-elements-3.1.0.tgz#614f7fbf8d801f0bb5f0661f5b2f5785750e4f09"
    integrity sha1-YU9/v42AHwu18GYfWy9XhXUOTwk=
  
  warning@^4.0.3:
    version "4.0.3"
    resolved "https://registry.yarnpkg.com/warning/-/warning-4.0.3.tgz#16e9e077eb8a86d6af7d64aa1e05fd85b4678ca3"
    integrity sha512-rpJyN222KWIvHJ/F53XSZv0Zl/accqHR8et1kpaMTD/fLCRxtV8iX8czMzY7sVZupTI3zcUTg8eycS2kNF9l6w==
    dependencies:
      loose-envify "^1.0.0"
  
  with@^7.0.0:
    version "7.0.2"
    resolved "https://registry.yarnpkg.com/with/-/with-7.0.2.tgz#ccee3ad542d25538a7a7a80aad212b9828495bac"
    integrity sha512-RNGKj82nUPg3g5ygxkQl0R937xLyho1J24ItRCBTr/m1YnZkzJy1hUiHUJrc/VlsDQzsCnInEGSg3bci0Lmd4w==
    dependencies:
      "@babel/parser" "^7.9.6"
      "@babel/types" "^7.9.6"
      assert-never "^1.2.1"
      babel-walk "3.0.0-canary-5"
  
  yaml@^1.7.2:
    version "1.10.2"
    resolved "https://registry.yarnpkg.com/yaml/-/yaml-1.10.2.tgz#2301c5ffbf12b467de8da2333a459e29e7920e4b"
    integrity sha512-r3vXyErRCYJ7wg28yvBY5VSoAF8ZvlcW9/BwUzEtUsjvX/DKs24dIkuwjtuprwJJHsbyUbLApepYTR1BN4uHrg==
